--------------- Build Started: 04/29/2016 15:26:40 Project: IMU-sparkfun, Configuration: ARM GCC 4.9-2015-q1-update Debug ---------------
The code generation step is up to date.
arm-none-eabi-gcc.exe -mcpu=cortex-m3 -mthumb -Wno-main -I. -IGenerated_Source\PSoC5 -Wa,-alh=.\CortexM3\ARM_GCC_493\Debug/main.lst -g -D DEBUG -Wall -ffunction-sections -Og -ffat-lto-objects -c .\main.c -o .\CortexM3\ARM_GCC_493\Debug\main.o
.\main.c: In function 'matlab_display_acc':
.\main.c:149:16: warning: variable 'z_a' set but not used [-Wunused-but-set-variable]
         uint16 z_a;
                ^
.\main.c:148:16: warning: variable 'y_a' set but not used [-Wunused-but-set-variable]
         uint16 y_a;
                ^
.\main.c:138:15: warning: variable 'transfer' set but not used [-Wunused-but-set-variable]
         uint8 transfer[7];
               ^
.\main.c: In function 'matlab_display_mag':
.\main.c:189:16: warning: variable 'z_m' set but not used [-Wunused-but-set-variable]
         uint16 z_m;
                ^
.\main.c:188:16: warning: variable 'y_m' set but not used [-Wunused-but-set-variable]
         uint16 y_m;
                ^
.\main.c:187:16: warning: variable 'x_m' set but not used [-Wunused-but-set-variable]
         uint16 x_m;
                ^
.\main.c: In function 'gyro_app':
.\main.c:243:13: warning: unused variable 'gyro_ana_n' [-Wunused-variable]
         int gyro_ana_n,gyro_ana_n1,gyro_ana_filt;
             ^
.\main.c: In function 'complete_transfer_acc':
.\main.c:446:8: warning: unused variable 'i' [-Wunused-variable]
  uint8 i=I2C_MasterWriteBuf(add_a,data_trans,0x02,I2C_MODE_COMPLETE_XFER);      
        ^
.\main.c: In function 'complete_transfer_mag':
.\main.c:451:8: warning: unused variable 'i' [-Wunused-variable]
  uint8 i=I2C_MasterWriteBuf(add_m,data_trans,0x06,I2C_MODE_COMPLETE_XFER);      
        ^
.\main.c: In function 'gyro_app':
.\main.c:246:20: warning: 'gyro_ana' is used uninitialized in this function [-Wuninitialized]
         gyro_ana_n1= gyro_ana;
                    ^
arm-none-eabi-ar.exe -rs .\CortexM3\ARM_GCC_493\Debug\IMU-sparkfun.a .\CortexM3\ARM_GCC_493\Debug\cyfitter_cfg.o .\CortexM3\ARM_GCC_493\Debug\SDA.o .\CortexM3\ARM_GCC_493\Debug\SCL.o .\CortexM3\ARM_GCC_493\Debug\RST.o .\CortexM3\ARM_GCC_493\Debug\I2C.o .\CortexM3\ARM_GCC_493\Debug\I2C_BOOT.o .\CortexM3\ARM_GCC_493\Debug\I2C_INT.o .\CortexM3\ARM_GCC_493\Debug\I2C_PM.o .\CortexM3\ARM_GCC_493\Debug\I2C_SLAVE.o .\CortexM3\ARM_GCC_493\Debug\I2C_MASTER.o .\CortexM3\ARM_GCC_493\Debug\CyBootAsmGnu.o .\CortexM3\ARM_GCC_493\Debug\CyDmac.o .\CortexM3\ARM_GCC_493\Debug\CyFlash.o .\CortexM3\ARM_GCC_493\Debug\CyLib.o .\CortexM3\ARM_GCC_493\Debug\cyPm.o .\CortexM3\ARM_GCC_493\Debug\CySpc.o .\CortexM3\ARM_GCC_493\Debug\cyutils.o .\CortexM3\ARM_GCC_493\Debug\LCD.o .\CortexM3\ARM_GCC_493\Debug\LCD_PM.o .\CortexM3\ARM_GCC_493\Debug\LCD_LCDPort.o .\CortexM3\ARM_GCC_493\Debug\blue.o .\CortexM3\ARM_GCC_493\Debug\pink.o .\CortexM3\ARM_GCC_493\Debug\yellow.o .\CortexM3\ARM_GCC_493\Debug\orange.o .\CortexM3\ARM_GCC_493\Debug\ADC.o .\CortexM3\ARM_GCC_493\Debug\ADC_PM.o .\CortexM3\ARM_GCC_493\Debug\ADC_INT.o .\CortexM3\ARM_GCC_493\Debug\Ain.o .\CortexM3\ARM_GCC_493\Debug\Opamp.o .\CortexM3\ARM_GCC_493\Debug\Opamp_PM.o .\CortexM3\ARM_GCC_493\Debug\ADC_Ext_CP_Clk.o .\CortexM3\ARM_GCC_493\Debug\ADC_IRQ.o .\CortexM3\ARM_GCC_493\Debug\ADC_theACLK.o .\CortexM3\ARM_GCC_493\Debug\switch3.o .\CortexM3\ARM_GCC_493\Debug\UART.o .\CortexM3\ARM_GCC_493\Debug\UART_PM.o .\CortexM3\ARM_GCC_493\Debug\UART_INT.o .\CortexM3\ARM_GCC_493\Debug\UART_BOOT.o .\CortexM3\ARM_GCC_493\Debug\UART_IntClock.o .\CortexM3\ARM_GCC_493\Debug\DAC.o .\CortexM3\ARM_GCC_493\Debug\DAC_PM.o .\CortexM3\ARM_GCC_493\Debug\DACpin.o
arm-none-eabi-ar.exe: creating .\CortexM3\ARM_GCC_493\Debug\IMU-sparkfun.a
arm-none-eabi-gcc.exe -Wl,--start-group -o .\CortexM3\ARM_GCC_493\Debug\IMU-sparkfun.elf .\CortexM3\ARM_GCC_493\Debug\main.o .\CortexM3\ARM_GCC_493\Debug\cymetadata.o .\CortexM3\ARM_GCC_493\Debug\Cm3Start.o .\CortexM3\ARM_GCC_493\Debug\IMU-sparkfun.a "C:\Program Files (x86)\Cypress\PSoC Creator\3.3\PSoC Creator\psoc\content\cycomponentlibrary\CyComponentLibrary.cylib\CortexM3\ARM_GCC_493\Debug\CyComponentLibrary.a" -mcpu=cortex-m3 -mthumb -g -ffunction-sections -Og -L Generated_Source\PSoC5 -Wl,-Map,.\CortexM3\ARM_GCC_493\Debug/IMU-sparkfun.map -T Generated_Source\PSoC5\cm3gcc.ld -specs=nano.specs -Wl,--gc-sections -Wl,--end-group
cyelftool.exe -C "C:\Users\raghunath\Documents\PSoC Creator\Finalproject\IMU-sparkfun.cydsn\CortexM3\ARM_GCC_493\Debug\IMU-sparkfun.elf" --flash_row_size 256 --flash_size 262144
cyelftool.exe -S "C:\Users\raghunath\Documents\PSoC Creator\Finalproject\IMU-sparkfun.cydsn\CortexM3\ARM_GCC_493\Debug\IMU-sparkfun.elf"
Flash used: 8960 of 262144 bytes (3.4 %).
SRAM used: 2597 of 65536 bytes (4.0 %). Stack: 2048 bytes. Heap: 128 bytes.
--------------- Build Succeeded: 04/29/2016 15:26:42 ---------------
