ARM GAS  C:\Users\RAGHUN~1\AppData\Local\Temp\ccvV4Ptf.s 			page 1


   1              		.syntax unified
   2              		.cpu cortex-m3
   3              		.fpu softvfp
   4              		.eabi_attribute 20, 1
   5              		.eabi_attribute 21, 1
   6              		.eabi_attribute 23, 3
   7              		.eabi_attribute 24, 1
   8              		.eabi_attribute 25, 1
   9              		.eabi_attribute 26, 1
  10              		.eabi_attribute 30, 1
  11              		.eabi_attribute 34, 1
  12              		.eabi_attribute 18, 4
  13              		.thumb
  14              		.file	"cymetadata.c"
  15              		.text
  16              	.Ltext0:
  17              		.cfi_sections	.debug_frame
  18              		.global	cy_metadata
  19              		.global	cy_meta_flashprotect
  20              		.global	cy_meta_wonvl
  21              		.global	cy_meta_custnvl
  22              		.global	cy_meta_configecc
  23              		.section	.cyconfigecc,"a",%progbits
  24              		.align	2
  25              		.type	cy_meta_configecc, %object
  26              		.size	cy_meta_configecc, 964
  27              	cy_meta_configecc:
  28 0000 05       		.byte	5
  29 0001 52       		.byte	82
  30 0002 00       		.byte	0
  31 0003 40       		.byte	64
  32 0004 03       		.byte	3
  33 0005 65       		.byte	101
  34 0006 00       		.byte	0
  35 0007 40       		.byte	64
  36 0008 71       		.byte	113
  37 0009 14       		.byte	20
  38 000a 01       		.byte	1
  39 000b 40       		.byte	64
  40 000c 49       		.byte	73
  41 000d 15       		.byte	21
  42 000e 01       		.byte	1
  43 000f 40       		.byte	64
  44 0010 18       		.byte	24
  45 0011 16       		.byte	22
  46 0012 01       		.byte	1
  47 0013 40       		.byte	64
  48 0014 3E       		.byte	62
  49 0015 17       		.byte	23
  50 0016 01       		.byte	1
  51 0017 40       		.byte	64
  52 0018 01       		.byte	1
  53 0019 19       		.byte	25
  54 001a 01       		.byte	1
  55 001b 40       		.byte	64
  56 001c 05       		.byte	5
  57 001d 1B       		.byte	27
ARM GAS  C:\Users\RAGHUN~1\AppData\Local\Temp\ccvV4Ptf.s 			page 2


  58 001e 01       		.byte	1
  59 001f 40       		.byte	64
  60 0020 02       		.byte	2
  61 0021 42       		.byte	66
  62 0022 01       		.byte	1
  63 0023 40       		.byte	64
  64 0024 01       		.byte	1
  65 0025 43       		.byte	67
  66 0026 01       		.byte	1
  67 0027 40       		.byte	64
  68 0028 02       		.byte	2
  69 0029 44       		.byte	68
  70 002a 01       		.byte	1
  71 002b 40       		.byte	64
  72 002c 01       		.byte	1
  73 002d 45       		.byte	69
  74 002e 01       		.byte	1
  75 002f 40       		.byte	64
  76 0030 03       		.byte	3
  77 0031 46       		.byte	70
  78 0032 01       		.byte	1
  79 0033 40       		.byte	64
  80 0034 02       		.byte	2
  81 0035 47       		.byte	71
  82 0036 01       		.byte	1
  83 0037 40       		.byte	64
  84 0038 05       		.byte	5
  85 0039 48       		.byte	72
  86 003a 01       		.byte	1
  87 003b 40       		.byte	64
  88 003c 16       		.byte	22
  89 003d 49       		.byte	73
  90 003e 01       		.byte	1
  91 003f 40       		.byte	64
  92 0040 0A       		.byte	10
  93 0041 4C       		.byte	76
  94 0042 01       		.byte	1
  95 0043 40       		.byte	64
  96 0044 0C       		.byte	12
  97 0045 4D       		.byte	77
  98 0046 01       		.byte	1
  99 0047 40       		.byte	64
 100 0048 02       		.byte	2
 101 0049 50       		.byte	80
 102 004a 01       		.byte	1
 103 004b 40       		.byte	64
 104 004c 01       		.byte	1
 105 004d 51       		.byte	81
 106 004e 01       		.byte	1
 107 004f 40       		.byte	64
 108 0050 04       		.byte	4
 109 0051 01       		.byte	1
 110 0052 19       		.byte	25
 111 0053 20       		.byte	32
 112 0054 1C       		.byte	28
 113 0055 80       		.byte	-128
 114 0056 60       		.byte	96
ARM GAS  C:\Users\RAGHUN~1\AppData\Local\Temp\ccvV4Ptf.s 			page 3


 115 0057 02       		.byte	2
 116 0058 64       		.byte	100
 117 0059 03       		.byte	3
 118 005a 85       		.byte	-123
 119 005b 0F       		.byte	15
 120 005c 86       		.byte	-122
 121 005d 38       		.byte	56
 122 005e 87       		.byte	-121
 123 005f 72       		.byte	114
 124 0060 00       		.byte	0
 125 0061 20       		.byte	32
 126 0062 01       		.byte	1
 127 0063 02       		.byte	2
 128 0064 02       		.byte	2
 129 0065 03       		.byte	3
 130 0066 03       		.byte	3
 131 0067 11       		.byte	17
 132 0068 04       		.byte	4
 133 0069 0C       		.byte	12
 134 006a 06       		.byte	6
 135 006b 13       		.byte	19
 136 006c 08       		.byte	8
 137 006d C0       		.byte	-64
 138 006e 0C       		.byte	12
 139 006f 40       		.byte	64
 140 0070 0D       		.byte	13
 141 0071 04       		.byte	4
 142 0072 0E       		.byte	14
 143 0073 80       		.byte	-128
 144 0074 0F       		.byte	15
 145 0075 11       		.byte	17
 146 0076 10       		.byte	16
 147 0077 80       		.byte	-128
 148 0078 12       		.byte	18
 149 0079 40       		.byte	64
 150 007a 14       		.byte	20
 151 007b C0       		.byte	-64
 152 007c 15       		.byte	21
 153 007d 01       		.byte	1
 154 007e 17       		.byte	23
 155 007f 0E       		.byte	14
 156 0080 18       		.byte	24
 157 0081 11       		.byte	17
 158 0082 19       		.byte	25
 159 0083 27       		.byte	39
 160 0084 1A       		.byte	26
 161 0085 0E       		.byte	14
 162 0086 1D       		.byte	29
 163 0087 20       		.byte	32
 164 0088 20       		.byte	32
 165 0089 11       		.byte	17
 166 008a 22       		.byte	34
 167 008b 06       		.byte	6
 168 008c 26       		.byte	38
 169 008d 08       		.byte	8
 170 008e 29       		.byte	41
 171 008f 27       		.byte	39
ARM GAS  C:\Users\RAGHUN~1\AppData\Local\Temp\ccvV4Ptf.s 			page 4


 172 0090 2A       		.byte	42
 173 0091 0C       		.byte	12
 174 0092 30       		.byte	48
 175 0093 C0       		.byte	-64
 176 0094 32       		.byte	50
 177 0095 30       		.byte	48
 178 0096 33       		.byte	51
 179 0097 07       		.byte	7
 180 0098 34       		.byte	52
 181 0099 0F       		.byte	15
 182 009a 35       		.byte	53
 183 009b 20       		.byte	32
 184 009c 37       		.byte	55
 185 009d 18       		.byte	24
 186 009e 38       		.byte	56
 187 009f 08       		.byte	8
 188 00a0 3A       		.byte	58
 189 00a1 20       		.byte	32
 190 00a2 3F       		.byte	63
 191 00a3 40       		.byte	64
 192 00a4 40       		.byte	64
 193 00a5 03       		.byte	3
 194 00a6 45       		.byte	69
 195 00a7 04       		.byte	4
 196 00a8 49       		.byte	73
 197 00a9 FF       		.byte	-1
 198 00aa 4A       		.byte	74
 199 00ab 07       		.byte	7
 200 00ac 4B       		.byte	75
 201 00ad FF       		.byte	-1
 202 00ae 4C       		.byte	76
 203 00af 40       		.byte	64
 204 00b0 4D       		.byte	77
 205 00b1 20       		.byte	32
 206 00b2 4E       		.byte	78
 207 00b3 F0       		.byte	-16
 208 00b4 4F       		.byte	79
 209 00b5 05       		.byte	5
 210 00b6 50       		.byte	80
 211 00b7 08       		.byte	8
 212 00b8 58       		.byte	88
 213 00b9 04       		.byte	4
 214 00ba 59       		.byte	89
 215 00bb 04       		.byte	4
 216 00bc 5A       		.byte	90
 217 00bd 04       		.byte	4
 218 00be 5C       		.byte	92
 219 00bf 11       		.byte	17
 220 00c0 5D       		.byte	93
 221 00c1 01       		.byte	1
 222 00c2 5F       		.byte	95
 223 00c3 01       		.byte	1
 224 00c4 60       		.byte	96
 225 00c5 40       		.byte	64
 226 00c6 61       		.byte	97
 227 00c7 A8       		.byte	-88
 228 00c8 62       		.byte	98
ARM GAS  C:\Users\RAGHUN~1\AppData\Local\Temp\ccvV4Ptf.s 			page 5


 229 00c9 40       		.byte	64
 230 00ca 63       		.byte	99
 231 00cb 20       		.byte	32
 232 00cc 81       		.byte	-127
 233 00cd 80       		.byte	-128
 234 00ce 82       		.byte	-126
 235 00cf 20       		.byte	32
 236 00d0 84       		.byte	-124
 237 00d1 0C       		.byte	12
 238 00d2 86       		.byte	-122
 239 00d3 71       		.byte	113
 240 00d4 88       		.byte	-120
 241 00d5 DC       		.byte	-36
 242 00d6 89       		.byte	-119
 243 00d7 03       		.byte	3
 244 00d8 8A       		.byte	-118
 245 00d9 22       		.byte	34
 246 00da 8B       		.byte	-117
 247 00db 44       		.byte	68
 248 00dc 8C       		.byte	-116
 249 00dd 10       		.byte	16
 250 00de 8E       		.byte	-114
 251 00df AC       		.byte	-84
 252 00e0 91       		.byte	-111
 253 00e1 73       		.byte	115
 254 00e2 93       		.byte	-109
 255 00e3 0C       		.byte	12
 256 00e4 94       		.byte	-108
 257 00e5 10       		.byte	16
 258 00e6 96       		.byte	-106
 259 00e7 40       		.byte	64
 260 00e8 98       		.byte	-104
 261 00e9 14       		.byte	20
 262 00ea 99       		.byte	-103
 263 00eb 2A       		.byte	42
 264 00ec 9B       		.byte	-101
 265 00ed 44       		.byte	68
 266 00ee 9E       		.byte	-98
 267 00ef 03       		.byte	3
 268 00f0 9F       		.byte	-97
 269 00f1 55       		.byte	85
 270 00f2 A5       		.byte	-91
 271 00f3 73       		.byte	115
 272 00f4 A7       		.byte	-89
 273 00f5 04       		.byte	4
 274 00f6 A8       		.byte	-88
 275 00f7 09       		.byte	9
 276 00f8 AA       		.byte	-86
 277 00f9 D0       		.byte	-48
 278 00fa AB       		.byte	-85
 279 00fb 08       		.byte	8
 280 00fc B1       		.byte	-79
 281 00fd 40       		.byte	64
 282 00fe B3       		.byte	-77
 283 00ff 80       		.byte	-128
 284 0100 B4       		.byte	-76
 285 0101 E0       		.byte	-32
ARM GAS  C:\Users\RAGHUN~1\AppData\Local\Temp\ccvV4Ptf.s 			page 6


 286 0102 B5       		.byte	-75
 287 0103 30       		.byte	48
 288 0104 B6       		.byte	-74
 289 0105 1F       		.byte	31
 290 0106 B7       		.byte	-73
 291 0107 0F       		.byte	15
 292 0108 B8       		.byte	-72
 293 0109 08       		.byte	8
 294 010a B9       		.byte	-71
 295 010b 20       		.byte	32
 296 010c BA       		.byte	-70
 297 010d 20       		.byte	32
 298 010e BB       		.byte	-69
 299 010f 80       		.byte	-128
 300 0110 BE       		.byte	-66
 301 0111 04       		.byte	4
 302 0112 BF       		.byte	-65
 303 0113 15       		.byte	21
 304 0114 C0       		.byte	-64
 305 0115 41       		.byte	65
 306 0116 C1       		.byte	-63
 307 0117 02       		.byte	2
 308 0118 C5       		.byte	-59
 309 0119 0B       		.byte	11
 310 011a C6       		.byte	-58
 311 011b C0       		.byte	-64
 312 011c C7       		.byte	-57
 313 011d 0E       		.byte	14
 314 011e C8       		.byte	-56
 315 011f 19       		.byte	25
 316 0120 C9       		.byte	-55
 317 0121 FF       		.byte	-1
 318 0122 CA       		.byte	-54
 319 0123 FF       		.byte	-1
 320 0124 CB       		.byte	-53
 321 0125 FF       		.byte	-1
 322 0126 CE       		.byte	-50
 323 0127 F0       		.byte	-16
 324 0128 CF       		.byte	-49
 325 0129 44       		.byte	68
 326 012a D0       		.byte	-48
 327 012b 0C       		.byte	12
 328 012c D4       		.byte	-44
 329 012d 01       		.byte	1
 330 012e D8       		.byte	-40
 331 012f 04       		.byte	4
 332 0130 D9       		.byte	-39
 333 0131 04       		.byte	4
 334 0132 DA       		.byte	-38
 335 0133 04       		.byte	4
 336 0134 DB       		.byte	-37
 337 0135 04       		.byte	4
 338 0136 DC       		.byte	-36
 339 0137 11       		.byte	17
 340 0138 DD       		.byte	-35
 341 0139 11       		.byte	17
 342 013a DF       		.byte	-33
ARM GAS  C:\Users\RAGHUN~1\AppData\Local\Temp\ccvV4Ptf.s 			page 7


 343 013b 01       		.byte	1
 344 013c E6       		.byte	-26
 345 013d C0       		.byte	-64
 346 013e EA       		.byte	-22
 347 013f 40       		.byte	64
 348 0140 EB       		.byte	-21
 349 0141 02       		.byte	2
 350 0142 00       		.byte	0
 351 0143 20       		.byte	32
 352 0144 01       		.byte	1
 353 0145 20       		.byte	32
 354 0146 02       		.byte	2
 355 0147 A1       		.byte	-95
 356 0148 04       		.byte	4
 357 0149 04       		.byte	4
 358 014a 05       		.byte	5
 359 014b 10       		.byte	16
 360 014c 07       		.byte	7
 361 014d 42       		.byte	66
 362 014e 09       		.byte	9
 363 014f 20       		.byte	32
 364 0150 0A       		.byte	10
 365 0151 60       		.byte	96
 366 0152 0D       		.byte	13
 367 0153 80       		.byte	-128
 368 0154 0E       		.byte	14
 369 0155 20       		.byte	32
 370 0156 0F       		.byte	15
 371 0157 08       		.byte	8
 372 0158 10       		.byte	16
 373 0159 20       		.byte	32
 374 015a 11       		.byte	17
 375 015b 10       		.byte	16
 376 015c 13       		.byte	19
 377 015d 02       		.byte	2
 378 015e 15       		.byte	21
 379 015f 10       		.byte	16
 380 0160 18       		.byte	24
 381 0161 40       		.byte	64
 382 0162 19       		.byte	25
 383 0163 10       		.byte	16
 384 0164 1A       		.byte	26
 385 0165 40       		.byte	64
 386 0166 1B       		.byte	27
 387 0167 0A       		.byte	10
 388 0168 1C       		.byte	28
 389 0169 06       		.byte	6
 390 016a 1D       		.byte	29
 391 016b A4       		.byte	-92
 392 016c 1F       		.byte	31
 393 016d 20       		.byte	32
 394 016e 20       		.byte	32
 395 016f 09       		.byte	9
 396 0170 22       		.byte	34
 397 0171 08       		.byte	8
 398 0172 27       		.byte	39
 399 0173 96       		.byte	-106
ARM GAS  C:\Users\RAGHUN~1\AppData\Local\Temp\ccvV4Ptf.s 			page 8


 400 0174 29       		.byte	41
 401 0175 20       		.byte	32
 402 0176 2D       		.byte	45
 403 0177 10       		.byte	16
 404 0178 2F       		.byte	47
 405 0179 28       		.byte	40
 406 017a 32       		.byte	50
 407 017b 58       		.byte	88
 408 017c 35       		.byte	53
 409 017d 10       		.byte	16
 410 017e 36       		.byte	54
 411 017f A0       		.byte	-96
 412 0180 37       		.byte	55
 413 0181 42       		.byte	66
 414 0182 38       		.byte	56
 415 0183 40       		.byte	64
 416 0184 3A       		.byte	58
 417 0185 01       		.byte	1
 418 0186 3C       		.byte	60
 419 0187 02       		.byte	2
 420 0188 3E       		.byte	62
 421 0189 10       		.byte	16
 422 018a 3F       		.byte	63
 423 018b 20       		.byte	32
 424 018c 43       		.byte	67
 425 018d 04       		.byte	4
 426 018e 45       		.byte	69
 427 018f 20       		.byte	32
 428 0190 47       		.byte	71
 429 0191 42       		.byte	66
 430 0192 48       		.byte	72
 431 0193 20       		.byte	32
 432 0194 4A       		.byte	74
 433 0195 90       		.byte	-112
 434 0196 4F       		.byte	79
 435 0197 08       		.byte	8
 436 0198 56       		.byte	86
 437 0199 04       		.byte	4
 438 019a 57       		.byte	87
 439 019b 10       		.byte	16
 440 019c 5E       		.byte	94
 441 019d 18       		.byte	24
 442 019e 5F       		.byte	95
 443 019f 81       		.byte	-127
 444 01a0 82       		.byte	-126
 445 01a1 05       		.byte	5
 446 01a2 83       		.byte	-125
 447 01a3 09       		.byte	9
 448 01a4 8F       		.byte	-113
 449 01a5 10       		.byte	16
 450 01a6 92       		.byte	-110
 451 01a7 A0       		.byte	-96
 452 01a8 94       		.byte	-108
 453 01a9 01       		.byte	1
 454 01aa 9D       		.byte	-99
 455 01ab 04       		.byte	4
 456 01ac 9E       		.byte	-98
ARM GAS  C:\Users\RAGHUN~1\AppData\Local\Temp\ccvV4Ptf.s 			page 9


 457 01ad 05       		.byte	5
 458 01ae 9F       		.byte	-97
 459 01af 08       		.byte	8
 460 01b0 A0       		.byte	-96
 461 01b1 10       		.byte	16
 462 01b2 A2       		.byte	-94
 463 01b3 04       		.byte	4
 464 01b4 A4       		.byte	-92
 465 01b5 04       		.byte	4
 466 01b6 A6       		.byte	-90
 467 01b7 08       		.byte	8
 468 01b8 A7       		.byte	-89
 469 01b9 02       		.byte	2
 470 01ba B5       		.byte	-75
 471 01bb 04       		.byte	4
 472 01bc C0       		.byte	-64
 473 01bd FF       		.byte	-1
 474 01be C2       		.byte	-62
 475 01bf EE       		.byte	-18
 476 01c0 C4       		.byte	-60
 477 01c1 4E       		.byte	78
 478 01c2 CA       		.byte	-54
 479 01c3 64       		.byte	100
 480 01c4 CC       		.byte	-52
 481 01c5 BE       		.byte	-66
 482 01c6 CE       		.byte	-50
 483 01c7 A9       		.byte	-87
 484 01c8 D0       		.byte	-48
 485 01c9 B2       		.byte	-78
 486 01ca D6       		.byte	-42
 487 01cb F0       		.byte	-16
 488 01cc E0       		.byte	-32
 489 01cd 08       		.byte	8
 490 01ce E6       		.byte	-26
 491 01cf C0       		.byte	-64
 492 01d0 EA       		.byte	-22
 493 01d1 41       		.byte	65
 494 01d2 EC       		.byte	-20
 495 01d3 10       		.byte	16
 496 01d4 02       		.byte	2
 497 01d5 02       		.byte	2
 498 01d6 04       		.byte	4
 499 01d7 01       		.byte	1
 500 01d8 08       		.byte	8
 501 01d9 08       		.byte	8
 502 01da 0C       		.byte	12
 503 01db 01       		.byte	1
 504 01dc 12       		.byte	18
 505 01dd 02       		.byte	2
 506 01de 17       		.byte	23
 507 01df 01       		.byte	1
 508 01e0 1A       		.byte	26
 509 01e1 01       		.byte	1
 510 01e2 22       		.byte	34
 511 01e3 04       		.byte	4
 512 01e4 26       		.byte	38
 513 01e5 04       		.byte	4
ARM GAS  C:\Users\RAGHUN~1\AppData\Local\Temp\ccvV4Ptf.s 			page 10


 514 01e6 2A       		.byte	42
 515 01e7 01       		.byte	1
 516 01e8 30       		.byte	48
 517 01e9 01       		.byte	1
 518 01ea 32       		.byte	50
 519 01eb 02       		.byte	2
 520 01ec 34       		.byte	52
 521 01ed 08       		.byte	8
 522 01ee 36       		.byte	54
 523 01ef 04       		.byte	4
 524 01f0 37       		.byte	55
 525 01f1 01       		.byte	1
 526 01f2 38       		.byte	56
 527 01f3 02       		.byte	2
 528 01f4 3E       		.byte	62
 529 01f5 54       		.byte	84
 530 01f6 54       		.byte	84
 531 01f7 18       		.byte	24
 532 01f8 58       		.byte	88
 533 01f9 04       		.byte	4
 534 01fa 59       		.byte	89
 535 01fb 04       		.byte	4
 536 01fc 5B       		.byte	91
 537 01fd 04       		.byte	4
 538 01fe 5C       		.byte	92
 539 01ff 11       		.byte	17
 540 0200 5D       		.byte	93
 541 0201 10       		.byte	16
 542 0202 5F       		.byte	95
 543 0203 01       		.byte	1
 544 0204 00       		.byte	0
 545 0205 18       		.byte	24
 546 0206 02       		.byte	2
 547 0207 01       		.byte	1
 548 0208 04       		.byte	4
 549 0209 42       		.byte	66
 550 020a 06       		.byte	6
 551 020b 24       		.byte	36
 552 020c 08       		.byte	8
 553 020d 04       		.byte	4
 554 020e 09       		.byte	9
 555 020f 20       		.byte	32
 556 0210 0A       		.byte	10
 557 0211 42       		.byte	66
 558 0212 0E       		.byte	14
 559 0213 80       		.byte	-128
 560 0214 0F       		.byte	15
 561 0215 08       		.byte	8
 562 0216 10       		.byte	16
 563 0217 81       		.byte	-127
 564 0218 13       		.byte	19
 565 0219 24       		.byte	36
 566 021a 15       		.byte	21
 567 021b 2A       		.byte	42
 568 021c 18       		.byte	24
 569 021d 50       		.byte	80
 570 021e 1A       		.byte	26
ARM GAS  C:\Users\RAGHUN~1\AppData\Local\Temp\ccvV4Ptf.s 			page 11


 571 021f 4A       		.byte	74
 572 0220 1B       		.byte	27
 573 0221 04       		.byte	4
 574 0222 1D       		.byte	29
 575 0223 40       		.byte	64
 576 0224 1E       		.byte	30
 577 0225 88       		.byte	-120
 578 0226 1F       		.byte	31
 579 0227 04       		.byte	4
 580 0228 21       		.byte	33
 581 0229 31       		.byte	49
 582 022a 22       		.byte	34
 583 022b 02       		.byte	2
 584 022c 23       		.byte	35
 585 022d 02       		.byte	2
 586 022e 25       		.byte	37
 587 022f 80       		.byte	-128
 588 0230 28       		.byte	40
 589 0231 01       		.byte	1
 590 0232 2A       		.byte	42
 591 0233 09       		.byte	9
 592 0234 2B       		.byte	43
 593 0235 06       		.byte	6
 594 0236 30       		.byte	48
 595 0237 04       		.byte	4
 596 0238 31       		.byte	49
 597 0239 A0       		.byte	-96
 598 023a 32       		.byte	50
 599 023b 09       		.byte	9
 600 023c 37       		.byte	55
 601 023d 08       		.byte	8
 602 023e 38       		.byte	56
 603 023f 68       		.byte	104
 604 0240 3A       		.byte	58
 605 0241 02       		.byte	2
 606 0242 3C       		.byte	60
 607 0243 08       		.byte	8
 608 0244 3E       		.byte	62
 609 0245 08       		.byte	8
 610 0246 40       		.byte	64
 611 0247 01       		.byte	1
 612 0248 42       		.byte	66
 613 0249 60       		.byte	96
 614 024a 43       		.byte	67
 615 024b 08       		.byte	8
 616 024c 48       		.byte	72
 617 024d 04       		.byte	4
 618 024e 4A       		.byte	74
 619 024f 02       		.byte	2
 620 0250 50       		.byte	80
 621 0251 01       		.byte	1
 622 0252 51       		.byte	81
 623 0253 04       		.byte	4
 624 0254 5A       		.byte	90
 625 0255 08       		.byte	8
 626 0256 5F       		.byte	95
 627 0257 02       		.byte	2
ARM GAS  C:\Users\RAGHUN~1\AppData\Local\Temp\ccvV4Ptf.s 			page 12


 628 0258 65       		.byte	101
 629 0259 40       		.byte	64
 630 025a 67       		.byte	103
 631 025b 08       		.byte	8
 632 025c 68       		.byte	104
 633 025d 10       		.byte	16
 634 025e 6A       		.byte	106
 635 025f A0       		.byte	-96
 636 0260 70       		.byte	112
 637 0261 94       		.byte	-108
 638 0262 72       		.byte	114
 639 0263 02       		.byte	2
 640 0264 73       		.byte	115
 641 0265 24       		.byte	36
 642 0266 86       		.byte	-122
 643 0267 01       		.byte	1
 644 0268 87       		.byte	-121
 645 0269 08       		.byte	8
 646 026a C0       		.byte	-64
 647 026b F7       		.byte	-9
 648 026c C2       		.byte	-62
 649 026d 5F       		.byte	95
 650 026e C4       		.byte	-60
 651 026f 7F       		.byte	127
 652 0270 CA       		.byte	-54
 653 0271 0F       		.byte	15
 654 0272 CC       		.byte	-52
 655 0273 4F       		.byte	79
 656 0274 CE       		.byte	-50
 657 0275 0F       		.byte	15
 658 0276 D0       		.byte	-48
 659 0277 0B       		.byte	11
 660 0278 D2       		.byte	-46
 661 0279 0C       		.byte	12
 662 027a D6       		.byte	-42
 663 027b 82       		.byte	-126
 664 027c D8       		.byte	-40
 665 027d 30       		.byte	48
 666 027e E4       		.byte	-28
 667 027f 01       		.byte	1
 668 0280 E4       		.byte	-28
 669 0281 01       		.byte	1
 670 0282 E0       		.byte	-32
 671 0283 08       		.byte	8
 672 0284 E6       		.byte	-26
 673 0285 80       		.byte	-128
 674 0286 E8       		.byte	-24
 675 0287 10       		.byte	16
 676 0288 EA       		.byte	-22
 677 0289 41       		.byte	65
 678 028a EC       		.byte	-20
 679 028b 10       		.byte	16
 680 028c 3E       		.byte	62
 681 028d 10       		.byte	16
 682 028e CE       		.byte	-50
 683 028f 20       		.byte	32
 684 0290 96       		.byte	-106
ARM GAS  C:\Users\RAGHUN~1\AppData\Local\Temp\ccvV4Ptf.s 			page 13


 685 0291 10       		.byte	16
 686 0292 7C       		.byte	124
 687 0293 10       		.byte	16
 688 0294 DE       		.byte	-34
 689 0295 01       		.byte	1
 690 0296 94       		.byte	-108
 691 0297 10       		.byte	16
 692 0298 45       		.byte	69
 693 0299 08       		.byte	8
 694 029a 94       		.byte	-108
 695 029b 10       		.byte	16
 696 029c D0       		.byte	-48
 697 029d 01       		.byte	1
 698 029e 94       		.byte	-108
 699 029f 10       		.byte	16
 700 02a0 A5       		.byte	-91
 701 02a1 08       		.byte	8
 702 02a2 25       		.byte	37
 703 02a3 10       		.byte	16
 704 02a4 81       		.byte	-127
 705 02a5 01       		.byte	1
 706 02a6 96       		.byte	-106
 707 02a7 10       		.byte	16
 708 02a8 C8       		.byte	-56
 709 02a9 20       		.byte	32
 710 02aa E4       		.byte	-28
 711 02ab 80       		.byte	-128
 712 02ac 0D       		.byte	13
 713 02ad 20       		.byte	32
 714 02ae 11       		.byte	17
 715 02af 02       		.byte	2
 716 02b0 16       		.byte	22
 717 02b1 40       		.byte	64
 718 02b2 62       		.byte	98
 719 02b3 01       		.byte	1
 720 02b4 70       		.byte	112
 721 02b5 01       		.byte	1
 722 02b6 76       		.byte	118
 723 02b7 20       		.byte	32
 724 02b8 81       		.byte	-127
 725 02b9 20       		.byte	32
 726 02ba 86       		.byte	-122
 727 02bb 40       		.byte	64
 728 02bc 8A       		.byte	-118
 729 02bd 20       		.byte	32
 730 02be 8E       		.byte	-114
 731 02bf 01       		.byte	1
 732 02c0 90       		.byte	-112
 733 02c1 02       		.byte	2
 734 02c2 A5       		.byte	-91
 735 02c3 01       		.byte	1
 736 02c4 AA       		.byte	-86
 737 02c5 10       		.byte	16
 738 02c6 B4       		.byte	-76
 739 02c7 01       		.byte	1
 740 02c8 B5       		.byte	-75
 741 02c9 10       		.byte	16
ARM GAS  C:\Users\RAGHUN~1\AppData\Local\Temp\ccvV4Ptf.s 			page 14


 742 02ca C2       		.byte	-62
 743 02cb 80       		.byte	-128
 744 02cc C4       		.byte	-60
 745 02cd 30       		.byte	48
 746 02ce D8       		.byte	-40
 747 02cf 40       		.byte	64
 748 02d0 DC       		.byte	-36
 749 02d1 80       		.byte	-128
 750 02d2 DE       		.byte	-34
 751 02d3 20       		.byte	32
 752 02d4 E0       		.byte	-32
 753 02d5 30       		.byte	48
 754 02d6 EA       		.byte	-22
 755 02d7 80       		.byte	-128
 756 02d8 12       		.byte	18
 757 02d9 80       		.byte	-128
 758 02da 13       		.byte	19
 759 02db 20       		.byte	32
 760 02dc 16       		.byte	22
 761 02dd 40       		.byte	64
 762 02de 7B       		.byte	123
 763 02df 08       		.byte	8
 764 02e0 7F       		.byte	127
 765 02e1 40       		.byte	64
 766 02e2 83       		.byte	-125
 767 02e3 08       		.byte	8
 768 02e4 94       		.byte	-108
 769 02e5 10       		.byte	16
 770 02e6 A5       		.byte	-91
 771 02e7 08       		.byte	8
 772 02e8 C4       		.byte	-60
 773 02e9 0E       		.byte	14
 774 02ea DE       		.byte	-34
 775 02eb 03       		.byte	3
 776 02ec 87       		.byte	-121
 777 02ed 40       		.byte	64
 778 02ee 8A       		.byte	-118
 779 02ef 40       		.byte	64
 780 02f0 97       		.byte	-105
 781 02f1 80       		.byte	-128
 782 02f2 9A       		.byte	-102
 783 02f3 40       		.byte	64
 784 02f4 AB       		.byte	-85
 785 02f5 20       		.byte	32
 786 02f6 B4       		.byte	-76
 787 02f7 10       		.byte	16
 788 02f8 B5       		.byte	-75
 789 02f9 08       		.byte	8
 790 02fa B6       		.byte	-74
 791 02fb 80       		.byte	-128
 792 02fc E6       		.byte	-26
 793 02fd 01       		.byte	1
 794 02fe E8       		.byte	-24
 795 02ff 08       		.byte	8
 796 0300 EA       		.byte	-22
 797 0301 02       		.byte	2
 798 0302 EC       		.byte	-20
ARM GAS  C:\Users\RAGHUN~1\AppData\Local\Temp\ccvV4Ptf.s 			page 15


 799 0303 08       		.byte	8
 800 0304 10       		.byte	16
 801 0305 02       		.byte	2
 802 0306 1A       		.byte	26
 803 0307 02       		.byte	2
 804 0308 03       		.byte	3
 805 0309 C0       		.byte	-64
 806 030a 00       		.byte	0
 807 030b 00       		.byte	0
 808 030c 00       		.byte	0
 809 030d 10       		.byte	16
 810 030e 00       		.byte	0
 811 030f 00       		.byte	0
 812 0310 00       		.byte	0
 813 0311 18       		.byte	24
 814 0312 23       		.byte	35
 815 0313 00       		.byte	0
 816 0314 1F       		.byte	31
 817 0315 08       		.byte	8
 818 0316 20       		.byte	32
 819 0317 00       		.byte	0
 820 0318 01       		.byte	1
 821 0319 FF       		.byte	-1
 822 031a 00       		.byte	0
 823 031b 00       		.byte	0
 824 031c 3F       		.byte	63
 825 031d E7       		.byte	-25
 826 031e 00       		.byte	0
 827 031f 18       		.byte	24
 828 0320 03       		.byte	3
 829 0321 C0       		.byte	-64
 830 0322 00       		.byte	0
 831 0323 00       		.byte	0
 832 0324 1C       		.byte	28
 833 0325 3C       		.byte	60
 834 0326 23       		.byte	35
 835 0327 C2       		.byte	-62
 836 0328 33       		.byte	51
 837 0329 00       		.byte	0
 838 032a 0C       		.byte	12
 839 032b 04       		.byte	4
 840 032c 08       		.byte	8
 841 032d 44       		.byte	68
 842 032e 00       		.byte	0
 843 032f 00       		.byte	0
 844 0330 04       		.byte	4
 845 0331 00       		.byte	0
 846 0332 00       		.byte	0
 847 0333 E3       		.byte	-29
 848 0334 0C       		.byte	12
 849 0335 1C       		.byte	28
 850 0336 00       		.byte	0
 851 0337 E1       		.byte	-31
 852 0338 02       		.byte	2
 853 0339 80       		.byte	-128
 854 033a 00       		.byte	0
 855 033b 00       		.byte	0
ARM GAS  C:\Users\RAGHUN~1\AppData\Local\Temp\ccvV4Ptf.s 			page 16


 856 033c 00       		.byte	0
 857 033d 38       		.byte	56
 858 033e 2C       		.byte	44
 859 033f 00       		.byte	0
 860 0340 10       		.byte	16
 861 0341 1F       		.byte	31
 862 0342 0F       		.byte	15
 863 0343 C0       		.byte	-64
 864 0344 00       		.byte	0
 865 0345 00       		.byte	0
 866 0346 8A       		.byte	-118
 867 0347 20       		.byte	32
 868 0348 00       		.byte	0
 869 0349 00       		.byte	0
 870 034a 10       		.byte	16
 871 034b 00       		.byte	0
 872 034c 36       		.byte	54
 873 034d 04       		.byte	4
 874 034e 05       		.byte	5
 875 034f 00       		.byte	0
 876 0350 01       		.byte	1
 877 0351 00       		.byte	0
 878 0352 00       		.byte	0
 879 0353 EC       		.byte	-20
 880 0354 30       		.byte	48
 881 0355 FF       		.byte	-1
 882 0356 FF       		.byte	-1
 883 0357 FF       		.byte	-1
 884 0358 62       		.byte	98
 885 0359 A0       		.byte	-96
 886 035a F0       		.byte	-16
 887 035b 41       		.byte	65
 888 035c 0C       		.byte	12
 889 035d 00       		.byte	0
 890 035e 00       		.byte	0
 891 035f 00       		.byte	0
 892 0360 00       		.byte	0
 893 0361 00       		.byte	0
 894 0362 02       		.byte	2
 895 0363 12       		.byte	18
 896 0364 04       		.byte	4
 897 0365 04       		.byte	4
 898 0366 04       		.byte	4
 899 0367 04       		.byte	4
 900 0368 11       		.byte	17
 901 0369 11       		.byte	17
 902 036a 00       		.byte	0
 903 036b 01       		.byte	1
 904 036c 00       		.byte	0
 905 036d 00       		.byte	0
 906 036e 00       		.byte	0
 907 036f 00       		.byte	0
 908 0370 00       		.byte	0
 909 0371 00       		.byte	0
 910 0372 40       		.byte	64
 911 0373 02       		.byte	2
 912 0374 00       		.byte	0
ARM GAS  C:\Users\RAGHUN~1\AppData\Local\Temp\ccvV4Ptf.s 			page 17


 913 0375 10       		.byte	16
 914 0376 30       		.byte	48
 915 0377 10       		.byte	16
 916 0378 00       		.byte	0
 917 0379 10       		.byte	16
 918 037a 10       		.byte	16
 919 037b 12       		.byte	18
 920 037c 00       		.byte	0
 921 037d 00       		.byte	0
 922 037e 00       		.byte	0
 923 037f 00       		.byte	0
 924 0380 00       		.byte	0
 925 0381 00       		.byte	0
 926 0382 00       		.byte	0
 927 0383 00       		.byte	0
 928 0384 00       		.byte	0
 929 0385 00       		.byte	0
 930 0386 00       		.byte	0
 931 0387 00       		.byte	0
 932 0388 00       		.byte	0
 933 0389 00       		.byte	0
 934 038a 00       		.byte	0
 935 038b 00       		.byte	0
 936 038c 01       		.byte	1
 937 038d 1E       		.byte	30
 938 038e 1E       		.byte	30
 939 038f 00       		.byte	0
 940 0390 00       		.byte	0
 941 0391 00       		.byte	0
 942 0392 00       		.byte	0
 943 0393 00       		.byte	0
 944 0394 03       		.byte	3
 945 0395 00       		.byte	0
 946 0396 00       		.byte	0
 947 0397 00       		.byte	0
 948 0398 03       		.byte	3
 949 0399 00       		.byte	0
 950 039a 03       		.byte	3
 951 039b 00       		.byte	0
 952 039c 00       		.byte	0
 953 039d 00       		.byte	0
 954 039e 00       		.byte	0
 955 039f 00       		.byte	0
 956 03a0 00       		.byte	0
 957 03a1 7F       		.byte	127
 958 03a2 7F       		.byte	127
 959 03a3 00       		.byte	0
 960 03a4 00       		.byte	0
 961 03a5 00       		.byte	0
 962 03a6 00       		.byte	0
 963 03a7 00       		.byte	0
 964 03a8 20       		.byte	32
 965 03a9 00       		.byte	0
 966 03aa 80       		.byte	-128
 967 03ab 20       		.byte	32
 968 03ac 20       		.byte	32
 969 03ad 00       		.byte	0
ARM GAS  C:\Users\RAGHUN~1\AppData\Local\Temp\ccvV4Ptf.s 			page 18


 970 03ae 20       		.byte	32
 971 03af 00       		.byte	0
 972 03b0 09       		.byte	9
 973 03b1 00       		.byte	0
 974 03b2 00       		.byte	0
 975 03b3 00       		.byte	0
 976 03b4 02       		.byte	2
 977 03b5 00       		.byte	0
 978 03b6 00       		.byte	0
 979 03b7 02       		.byte	2
 980 03b8 00       		.byte	0
 981 03b9 00       		.byte	0
 982 03ba 00       		.byte	0
 983 03bb 00       		.byte	0
 984 03bc 00       		.byte	0
 985 03bd 00       		.byte	0
 986 03be 00       		.byte	0
 987 03bf 00       		.byte	0
 988 03c0 07       		.byte	7
 989 03c1 00       		.byte	0
 990 03c2 18       		.byte	24
 991 03c3 01       		.byte	1
 992              		.section	.cywolatch,"a",%progbits
 993              		.align	2
 994              		.type	cy_meta_wonvl, %object
 995              		.size	cy_meta_wonvl, 4
 996              	cy_meta_wonvl:
 997 0000 BC       		.byte	-68
 998 0001 90       		.byte	-112
 999 0002 AC       		.byte	-84
 1000 0003 AF       		.byte	-81
 1001              		.section	.cycustnvl,"a",%progbits
 1002              		.align	2
 1003              		.type	cy_meta_custnvl, %object
 1004              		.size	cy_meta_custnvl, 4
 1005              	cy_meta_custnvl:
 1006 0000 00       		.byte	0
 1007 0001 00       		.byte	0
 1008 0002 40       		.byte	64
 1009 0003 05       		.byte	5
 1010              		.section	.cymeta,"a",%progbits
 1011              		.align	2
 1012              		.type	cy_metadata, %object
 1013              		.size	cy_metadata, 12
 1014              	cy_metadata:
 1015 0000 00       		.byte	0
 1016 0001 01       		.byte	1
 1017 0002 2E       		.byte	46
 1018 0003 12       		.byte	18
 1019 0004 30       		.byte	48
 1020 0005 69       		.byte	105
 1021 0006 00       		.byte	0
 1022 0007 01       		.byte	1
 1023 0008 00       		.byte	0
 1024 0009 00       		.byte	0
 1025 000a 00       		.byte	0
 1026 000b 00       		.byte	0
ARM GAS  C:\Users\RAGHUN~1\AppData\Local\Temp\ccvV4Ptf.s 			page 19


 1027              		.section	.cyflashprotect,"a",%progbits
 1028              		.align	2
 1029              		.type	cy_meta_flashprotect, %object
 1030              		.size	cy_meta_flashprotect, 256
 1031              	cy_meta_flashprotect:
 1032 0000 00000000 		.space	256
 1032      00000000 
 1032      00000000 
 1032      00000000 
 1032      00000000 
 1033              		.text
 1034              	.Letext0:
 1035              		.file 1 ".\\Generated_Source\\PSoC5\\cymetadata.c"
 1036              		.file 2 ".\\Generated_Source\\PSoC5\\cytypes.h"
 1037              		.section	.debug_info,"",%progbits
 1038              	.Ldebug_info0:
 1039 0000 37010000 		.4byte	0x137
 1040 0004 0400     		.2byte	0x4
 1041 0006 00000000 		.4byte	.Ldebug_abbrev0
 1042 000a 04       		.byte	0x4
 1043 000b 01       		.uleb128 0x1
 1044 000c DE000000 		.4byte	.LASF18
 1045 0010 01       		.byte	0x1
 1046 0011 00000000 		.4byte	.LASF19
 1047 0015 82000000 		.4byte	.LASF20
 1048 0019 00000000 		.4byte	.Ldebug_line0
 1049 001d 02       		.uleb128 0x2
 1050 001e 01       		.byte	0x1
 1051 001f 06       		.byte	0x6
 1052 0020 E8010000 		.4byte	.LASF0
 1053 0024 02       		.uleb128 0x2
 1054 0025 01       		.byte	0x1
 1055 0026 08       		.byte	0x8
 1056 0027 38000000 		.4byte	.LASF1
 1057 002b 02       		.uleb128 0x2
 1058 002c 02       		.byte	0x2
 1059 002d 05       		.byte	0x5
 1060 002e CF010000 		.4byte	.LASF2
 1061 0032 02       		.uleb128 0x2
 1062 0033 02       		.byte	0x2
 1063 0034 07       		.byte	0x7
 1064 0035 58000000 		.4byte	.LASF3
 1065 0039 02       		.uleb128 0x2
 1066 003a 04       		.byte	0x4
 1067 003b 05       		.byte	0x5
 1068 003c DF010000 		.4byte	.LASF4
 1069 0040 02       		.uleb128 0x2
 1070 0041 04       		.byte	0x4
 1071 0042 07       		.byte	0x7
 1072 0043 46000000 		.4byte	.LASF5
 1073 0047 02       		.uleb128 0x2
 1074 0048 08       		.byte	0x8
 1075 0049 05       		.byte	0x5
 1076 004a BC010000 		.4byte	.LASF6
 1077 004e 02       		.uleb128 0x2
 1078 004f 08       		.byte	0x8
 1079 0050 07       		.byte	0x7
ARM GAS  C:\Users\RAGHUN~1\AppData\Local\Temp\ccvV4Ptf.s 			page 20


 1080 0051 79010000 		.4byte	.LASF7
 1081 0055 03       		.uleb128 0x3
 1082 0056 04       		.byte	0x4
 1083 0057 05       		.byte	0x5
 1084 0058 696E7400 		.ascii	"int\000"
 1085 005c 02       		.uleb128 0x2
 1086 005d 04       		.byte	0x4
 1087 005e 07       		.byte	0x7
 1088 005f 6C010000 		.4byte	.LASF8
 1089 0063 04       		.uleb128 0x4
 1090 0064 D9010000 		.4byte	.LASF21
 1091 0068 02       		.byte	0x2
 1092 0069 3801     		.2byte	0x138
 1093 006b 24000000 		.4byte	0x24
 1094 006f 02       		.uleb128 0x2
 1095 0070 04       		.byte	0x4
 1096 0071 04       		.byte	0x4
 1097 0072 32000000 		.4byte	.LASF9
 1098 0076 02       		.uleb128 0x2
 1099 0077 08       		.byte	0x8
 1100 0078 04       		.byte	0x4
 1101 0079 6B000000 		.4byte	.LASF10
 1102 007d 02       		.uleb128 0x2
 1103 007e 01       		.byte	0x1
 1104 007f 08       		.byte	0x8
 1105 0080 CA010000 		.4byte	.LASF11
 1106 0084 05       		.uleb128 0x5
 1107 0085 63000000 		.4byte	0x63
 1108 0089 95000000 		.4byte	0x95
 1109 008d 06       		.uleb128 0x6
 1110 008e 95000000 		.4byte	0x95
 1111 0092 C303     		.2byte	0x3c3
 1112 0094 00       		.byte	0
 1113 0095 02       		.uleb128 0x2
 1114 0096 04       		.byte	0x4
 1115 0097 07       		.byte	0x7
 1116 0098 B3010000 		.4byte	.LASF12
 1117 009c 07       		.uleb128 0x7
 1118 009d CC000000 		.4byte	.LASF13
 1119 00a1 01       		.byte	0x1
 1120 00a2 1F       		.byte	0x1f
 1121 00a3 AD000000 		.4byte	0xad
 1122 00a7 05       		.uleb128 0x5
 1123 00a8 03       		.byte	0x3
 1124 00a9 00000000 		.4byte	cy_meta_configecc
 1125 00ad 08       		.uleb128 0x8
 1126 00ae 84000000 		.4byte	0x84
 1127 00b2 05       		.uleb128 0x5
 1128 00b3 63000000 		.4byte	0x63
 1129 00b7 C2000000 		.4byte	0xc2
 1130 00bb 09       		.uleb128 0x9
 1131 00bc 95000000 		.4byte	0x95
 1132 00c0 03       		.byte	0x3
 1133 00c1 00       		.byte	0
 1134 00c2 07       		.uleb128 0x7
 1135 00c3 72000000 		.4byte	.LASF14
 1136 00c7 01       		.byte	0x1
ARM GAS  C:\Users\RAGHUN~1\AppData\Local\Temp\ccvV4Ptf.s 			page 21


 1137 00c8 A5       		.byte	0xa5
 1138 00c9 D3000000 		.4byte	0xd3
 1139 00cd 05       		.uleb128 0x5
 1140 00ce 03       		.byte	0x3
 1141 00cf 00000000 		.4byte	cy_meta_custnvl
 1142 00d3 08       		.uleb128 0x8
 1143 00d4 B2000000 		.4byte	0xb2
 1144 00d8 07       		.uleb128 0x7
 1145 00d9 A5010000 		.4byte	.LASF15
 1146 00dd 01       		.byte	0x1
 1147 00de B3       		.byte	0xb3
 1148 00df E9000000 		.4byte	0xe9
 1149 00e3 05       		.uleb128 0x5
 1150 00e4 03       		.byte	0x3
 1151 00e5 00000000 		.4byte	cy_meta_wonvl
 1152 00e9 08       		.uleb128 0x8
 1153 00ea B2000000 		.4byte	0xb2
 1154 00ee 05       		.uleb128 0x5
 1155 00ef 63000000 		.4byte	0x63
 1156 00f3 FE000000 		.4byte	0xfe
 1157 00f7 09       		.uleb128 0x9
 1158 00f8 95000000 		.4byte	0x95
 1159 00fc FF       		.byte	0xff
 1160 00fd 00       		.byte	0
 1161 00fe 07       		.uleb128 0x7
 1162 00ff 90010000 		.4byte	.LASF16
 1163 0103 01       		.byte	0x1
 1164 0104 C1       		.byte	0xc1
 1165 0105 0F010000 		.4byte	0x10f
 1166 0109 05       		.uleb128 0x5
 1167 010a 03       		.byte	0x3
 1168 010b 00000000 		.4byte	cy_meta_flashprotect
 1169 010f 08       		.uleb128 0x8
 1170 0110 EE000000 		.4byte	0xee
 1171 0114 05       		.uleb128 0x5
 1172 0115 63000000 		.4byte	0x63
 1173 0119 24010000 		.4byte	0x124
 1174 011d 09       		.uleb128 0x9
 1175 011e 95000000 		.4byte	0x95
 1176 0122 0B       		.byte	0xb
 1177 0123 00       		.byte	0
 1178 0124 07       		.uleb128 0x7
 1179 0125 26000000 		.4byte	.LASF17
 1180 0129 01       		.byte	0x1
 1181 012a EE       		.byte	0xee
 1182 012b 35010000 		.4byte	0x135
 1183 012f 05       		.uleb128 0x5
 1184 0130 03       		.byte	0x3
 1185 0131 00000000 		.4byte	cy_metadata
 1186 0135 08       		.uleb128 0x8
 1187 0136 14010000 		.4byte	0x114
 1188 013a 00       		.byte	0
 1189              		.section	.debug_abbrev,"",%progbits
 1190              	.Ldebug_abbrev0:
 1191 0000 01       		.uleb128 0x1
 1192 0001 11       		.uleb128 0x11
 1193 0002 01       		.byte	0x1
ARM GAS  C:\Users\RAGHUN~1\AppData\Local\Temp\ccvV4Ptf.s 			page 22


 1194 0003 25       		.uleb128 0x25
 1195 0004 0E       		.uleb128 0xe
 1196 0005 13       		.uleb128 0x13
 1197 0006 0B       		.uleb128 0xb
 1198 0007 03       		.uleb128 0x3
 1199 0008 0E       		.uleb128 0xe
 1200 0009 1B       		.uleb128 0x1b
 1201 000a 0E       		.uleb128 0xe
 1202 000b 10       		.uleb128 0x10
 1203 000c 17       		.uleb128 0x17
 1204 000d 00       		.byte	0
 1205 000e 00       		.byte	0
 1206 000f 02       		.uleb128 0x2
 1207 0010 24       		.uleb128 0x24
 1208 0011 00       		.byte	0
 1209 0012 0B       		.uleb128 0xb
 1210 0013 0B       		.uleb128 0xb
 1211 0014 3E       		.uleb128 0x3e
 1212 0015 0B       		.uleb128 0xb
 1213 0016 03       		.uleb128 0x3
 1214 0017 0E       		.uleb128 0xe
 1215 0018 00       		.byte	0
 1216 0019 00       		.byte	0
 1217 001a 03       		.uleb128 0x3
 1218 001b 24       		.uleb128 0x24
 1219 001c 00       		.byte	0
 1220 001d 0B       		.uleb128 0xb
 1221 001e 0B       		.uleb128 0xb
 1222 001f 3E       		.uleb128 0x3e
 1223 0020 0B       		.uleb128 0xb
 1224 0021 03       		.uleb128 0x3
 1225 0022 08       		.uleb128 0x8
 1226 0023 00       		.byte	0
 1227 0024 00       		.byte	0
 1228 0025 04       		.uleb128 0x4
 1229 0026 16       		.uleb128 0x16
 1230 0027 00       		.byte	0
 1231 0028 03       		.uleb128 0x3
 1232 0029 0E       		.uleb128 0xe
 1233 002a 3A       		.uleb128 0x3a
 1234 002b 0B       		.uleb128 0xb
 1235 002c 3B       		.uleb128 0x3b
 1236 002d 05       		.uleb128 0x5
 1237 002e 49       		.uleb128 0x49
 1238 002f 13       		.uleb128 0x13
 1239 0030 00       		.byte	0
 1240 0031 00       		.byte	0
 1241 0032 05       		.uleb128 0x5
 1242 0033 01       		.uleb128 0x1
 1243 0034 01       		.byte	0x1
 1244 0035 49       		.uleb128 0x49
 1245 0036 13       		.uleb128 0x13
 1246 0037 01       		.uleb128 0x1
 1247 0038 13       		.uleb128 0x13
 1248 0039 00       		.byte	0
 1249 003a 00       		.byte	0
 1250 003b 06       		.uleb128 0x6
ARM GAS  C:\Users\RAGHUN~1\AppData\Local\Temp\ccvV4Ptf.s 			page 23


 1251 003c 21       		.uleb128 0x21
 1252 003d 00       		.byte	0
 1253 003e 49       		.uleb128 0x49
 1254 003f 13       		.uleb128 0x13
 1255 0040 2F       		.uleb128 0x2f
 1256 0041 05       		.uleb128 0x5
 1257 0042 00       		.byte	0
 1258 0043 00       		.byte	0
 1259 0044 07       		.uleb128 0x7
 1260 0045 34       		.uleb128 0x34
 1261 0046 00       		.byte	0
 1262 0047 03       		.uleb128 0x3
 1263 0048 0E       		.uleb128 0xe
 1264 0049 3A       		.uleb128 0x3a
 1265 004a 0B       		.uleb128 0xb
 1266 004b 3B       		.uleb128 0x3b
 1267 004c 0B       		.uleb128 0xb
 1268 004d 49       		.uleb128 0x49
 1269 004e 13       		.uleb128 0x13
 1270 004f 3F       		.uleb128 0x3f
 1271 0050 19       		.uleb128 0x19
 1272 0051 02       		.uleb128 0x2
 1273 0052 18       		.uleb128 0x18
 1274 0053 00       		.byte	0
 1275 0054 00       		.byte	0
 1276 0055 08       		.uleb128 0x8
 1277 0056 26       		.uleb128 0x26
 1278 0057 00       		.byte	0
 1279 0058 49       		.uleb128 0x49
 1280 0059 13       		.uleb128 0x13
 1281 005a 00       		.byte	0
 1282 005b 00       		.byte	0
 1283 005c 09       		.uleb128 0x9
 1284 005d 21       		.uleb128 0x21
 1285 005e 00       		.byte	0
 1286 005f 49       		.uleb128 0x49
 1287 0060 13       		.uleb128 0x13
 1288 0061 2F       		.uleb128 0x2f
 1289 0062 0B       		.uleb128 0xb
 1290 0063 00       		.byte	0
 1291 0064 00       		.byte	0
 1292 0065 00       		.byte	0
 1293              		.section	.debug_aranges,"",%progbits
 1294 0000 14000000 		.4byte	0x14
 1295 0004 0200     		.2byte	0x2
 1296 0006 00000000 		.4byte	.Ldebug_info0
 1297 000a 04       		.byte	0x4
 1298 000b 00       		.byte	0
 1299 000c 0000     		.2byte	0
 1300 000e 0000     		.2byte	0
 1301 0010 00000000 		.4byte	0
 1302 0014 00000000 		.4byte	0
 1303              		.section	.debug_line,"",%progbits
 1304              	.Ldebug_line0:
 1305 0000 4F000000 		.section	.debug_str,"MS",%progbits,1
 1305      02004900 
 1305      00000201 
ARM GAS  C:\Users\RAGHUN~1\AppData\Local\Temp\ccvV4Ptf.s 			page 24


 1305      FB0E0D00 
 1305      01010101 
 1306              	.LASF19:
 1307 0000 2E5C4765 		.ascii	".\\Generated_Source\\PSoC5\\cymetadata.c\000"
 1307      6E657261 
 1307      7465645F 
 1307      536F7572 
 1307      63655C50 
 1308              	.LASF17:
 1309 0026 63795F6D 		.ascii	"cy_metadata\000"
 1309      65746164 
 1309      61746100 
 1310              	.LASF9:
 1311 0032 666C6F61 		.ascii	"float\000"
 1311      7400
 1312              	.LASF1:
 1313 0038 756E7369 		.ascii	"unsigned char\000"
 1313      676E6564 
 1313      20636861 
 1313      7200
 1314              	.LASF5:
 1315 0046 6C6F6E67 		.ascii	"long unsigned int\000"
 1315      20756E73 
 1315      69676E65 
 1315      6420696E 
 1315      7400
 1316              	.LASF3:
 1317 0058 73686F72 		.ascii	"short unsigned int\000"
 1317      7420756E 
 1317      7369676E 
 1317      65642069 
 1317      6E7400
 1318              	.LASF10:
 1319 006b 646F7562 		.ascii	"double\000"
 1319      6C6500
 1320              	.LASF14:
 1321 0072 63795F6D 		.ascii	"cy_meta_custnvl\000"
 1321      6574615F 
 1321      63757374 
 1321      6E766C00 
 1322              	.LASF20:
 1323 0082 433A5C55 		.ascii	"C:\\Users\\raghunath\\Documents\\PSoC Creator\\Fina"
 1323      73657273 
 1323      5C726167 
 1323      68756E61 
 1323      74685C44 
 1324 00b0 6C70726F 		.ascii	"lproject\\IMU-sparkfun.cydsn\000"
 1324      6A656374 
 1324      5C494D55 
 1324      2D737061 
 1324      726B6675 
 1325              	.LASF13:
 1326 00cc 63795F6D 		.ascii	"cy_meta_configecc\000"
 1326      6574615F 
 1326      636F6E66 
 1326      69676563 
 1326      6300
ARM GAS  C:\Users\RAGHUN~1\AppData\Local\Temp\ccvV4Ptf.s 			page 25


 1327              	.LASF18:
 1328 00de 474E5520 		.ascii	"GNU C 4.9.3 20150303 (release) [ARM/embedded-4_9-br"
 1328      4320342E 
 1328      392E3320 
 1328      32303135 
 1328      30333033 
 1329 0111 616E6368 		.ascii	"anch revision 221220] -mcpu=cortex-m3 -mthumb -g -O"
 1329      20726576 
 1329      6973696F 
 1329      6E203232 
 1329      31323230 
 1330 0144 67202D66 		.ascii	"g -ffunction-sections -ffat-lto-objects\000"
 1330      66756E63 
 1330      74696F6E 
 1330      2D736563 
 1330      74696F6E 
 1331              	.LASF8:
 1332 016c 756E7369 		.ascii	"unsigned int\000"
 1332      676E6564 
 1332      20696E74 
 1332      00
 1333              	.LASF7:
 1334 0179 6C6F6E67 		.ascii	"long long unsigned int\000"
 1334      206C6F6E 
 1334      6720756E 
 1334      7369676E 
 1334      65642069 
 1335              	.LASF16:
 1336 0190 63795F6D 		.ascii	"cy_meta_flashprotect\000"
 1336      6574615F 
 1336      666C6173 
 1336      6870726F 
 1336      74656374 
 1337              	.LASF15:
 1338 01a5 63795F6D 		.ascii	"cy_meta_wonvl\000"
 1338      6574615F 
 1338      776F6E76 
 1338      6C00
 1339              	.LASF12:
 1340 01b3 73697A65 		.ascii	"sizetype\000"
 1340      74797065 
 1340      00
 1341              	.LASF6:
 1342 01bc 6C6F6E67 		.ascii	"long long int\000"
 1342      206C6F6E 
 1342      6720696E 
 1342      7400
 1343              	.LASF11:
 1344 01ca 63686172 		.ascii	"char\000"
 1344      00
 1345              	.LASF2:
 1346 01cf 73686F72 		.ascii	"short int\000"
 1346      7420696E 
 1346      7400
 1347              	.LASF21:
 1348 01d9 75696E74 		.ascii	"uint8\000"
 1348      3800
ARM GAS  C:\Users\RAGHUN~1\AppData\Local\Temp\ccvV4Ptf.s 			page 26


 1349              	.LASF4:
 1350 01df 6C6F6E67 		.ascii	"long int\000"
 1350      20696E74 
 1350      00
 1351              	.LASF0:
 1352 01e8 7369676E 		.ascii	"signed char\000"
 1352      65642063 
 1352      68617200 
 1353              		.ident	"GCC: (GNU Tools for ARM Embedded Processors) 4.9.3 20150303 (release) [ARM/embedded-4_9-br
