ARM GAS  C:\Users\RAGHUN~1\AppData\Local\Temp\ccHDrTLc.s 			page 1


   1              		.syntax unified
   2              		.cpu cortex-m3
   3              		.fpu softvfp
   4              		.eabi_attribute 20, 1
   5              		.eabi_attribute 21, 1
   6              		.eabi_attribute 23, 3
   7              		.eabi_attribute 24, 1
   8              		.eabi_attribute 25, 1
   9              		.eabi_attribute 26, 1
  10              		.eabi_attribute 30, 1
  11              		.eabi_attribute 34, 1
  12              		.eabi_attribute 18, 4
  13              		.thumb
  14              		.file	"LCD_Char_LCDPort.c"
  15              		.text
  16              	.Ltext0:
  17              		.cfi_sections	.debug_frame
  18              		.section	.text.LCD_Char_LCDPort_Write,"ax",%progbits
  19              		.align	2
  20              		.global	LCD_Char_LCDPort_Write
  21              		.thumb
  22              		.thumb_func
  23              		.type	LCD_Char_LCDPort_Write, %function
  24              	LCD_Char_LCDPort_Write:
  25              	.LFB0:
  26              		.file 1 ".\\Generated_Source\\PSoC5\\LCD_Char_LCDPort.c"
   1:.\Generated_Source\PSoC5/LCD_Char_LCDPort.c **** /*******************************************************************************
   2:.\Generated_Source\PSoC5/LCD_Char_LCDPort.c **** * File Name: LCD_Char_LCDPort.c  
   3:.\Generated_Source\PSoC5/LCD_Char_LCDPort.c **** * Version 2.20
   4:.\Generated_Source\PSoC5/LCD_Char_LCDPort.c **** *
   5:.\Generated_Source\PSoC5/LCD_Char_LCDPort.c **** * Description:
   6:.\Generated_Source\PSoC5/LCD_Char_LCDPort.c **** *  This file contains API to enable firmware control of a Pins component.
   7:.\Generated_Source\PSoC5/LCD_Char_LCDPort.c **** *
   8:.\Generated_Source\PSoC5/LCD_Char_LCDPort.c **** * Note:
   9:.\Generated_Source\PSoC5/LCD_Char_LCDPort.c **** *
  10:.\Generated_Source\PSoC5/LCD_Char_LCDPort.c **** ********************************************************************************
  11:.\Generated_Source\PSoC5/LCD_Char_LCDPort.c **** * Copyright 2008-2015, Cypress Semiconductor Corporation.  All rights reserved.
  12:.\Generated_Source\PSoC5/LCD_Char_LCDPort.c **** * You may use this file only in accordance with the license, terms, conditions, 
  13:.\Generated_Source\PSoC5/LCD_Char_LCDPort.c **** * disclaimers, and limitations in the end user license agreement accompanying 
  14:.\Generated_Source\PSoC5/LCD_Char_LCDPort.c **** * the software package with which this file was provided.
  15:.\Generated_Source\PSoC5/LCD_Char_LCDPort.c **** *******************************************************************************/
  16:.\Generated_Source\PSoC5/LCD_Char_LCDPort.c **** 
  17:.\Generated_Source\PSoC5/LCD_Char_LCDPort.c **** #include "cytypes.h"
  18:.\Generated_Source\PSoC5/LCD_Char_LCDPort.c **** #include "LCD_Char_LCDPort.h"
  19:.\Generated_Source\PSoC5/LCD_Char_LCDPort.c **** 
  20:.\Generated_Source\PSoC5/LCD_Char_LCDPort.c **** /* APIs are not generated for P15[7:6] on PSoC 5 */
  21:.\Generated_Source\PSoC5/LCD_Char_LCDPort.c **** #if !(CY_PSOC5A &&\
  22:.\Generated_Source\PSoC5/LCD_Char_LCDPort.c **** 	 LCD_Char_LCDPort__PORT == 15 && ((LCD_Char_LCDPort__MASK & 0xC0) != 0))
  23:.\Generated_Source\PSoC5/LCD_Char_LCDPort.c **** 
  24:.\Generated_Source\PSoC5/LCD_Char_LCDPort.c **** 
  25:.\Generated_Source\PSoC5/LCD_Char_LCDPort.c **** /*******************************************************************************
  26:.\Generated_Source\PSoC5/LCD_Char_LCDPort.c **** * Function Name: LCD_Char_LCDPort_Write
  27:.\Generated_Source\PSoC5/LCD_Char_LCDPort.c **** ****************************************************************************//**
  28:.\Generated_Source\PSoC5/LCD_Char_LCDPort.c **** *
  29:.\Generated_Source\PSoC5/LCD_Char_LCDPort.c **** * \brief Writes the value to the physical port (data output register), masking
  30:.\Generated_Source\PSoC5/LCD_Char_LCDPort.c **** *  and shifting the bits appropriately. 
  31:.\Generated_Source\PSoC5/LCD_Char_LCDPort.c **** *
ARM GAS  C:\Users\RAGHUN~1\AppData\Local\Temp\ccHDrTLc.s 			page 2


  32:.\Generated_Source\PSoC5/LCD_Char_LCDPort.c **** * The data output register controls the signal applied to the physical pin in 
  33:.\Generated_Source\PSoC5/LCD_Char_LCDPort.c **** * conjunction with the drive mode parameter. This function avoids changing 
  34:.\Generated_Source\PSoC5/LCD_Char_LCDPort.c **** * other bits in the port by using the appropriate method (read-modify-write or
  35:.\Generated_Source\PSoC5/LCD_Char_LCDPort.c **** * bit banding).
  36:.\Generated_Source\PSoC5/LCD_Char_LCDPort.c **** *
  37:.\Generated_Source\PSoC5/LCD_Char_LCDPort.c **** * <b>Note</b> This function should not be used on a hardware digital output pin 
  38:.\Generated_Source\PSoC5/LCD_Char_LCDPort.c **** * as it is driven by the hardware signal attached to it.
  39:.\Generated_Source\PSoC5/LCD_Char_LCDPort.c **** *
  40:.\Generated_Source\PSoC5/LCD_Char_LCDPort.c **** * \param value
  41:.\Generated_Source\PSoC5/LCD_Char_LCDPort.c **** *  Value to write to the component instance.
  42:.\Generated_Source\PSoC5/LCD_Char_LCDPort.c **** *
  43:.\Generated_Source\PSoC5/LCD_Char_LCDPort.c **** * \return 
  44:.\Generated_Source\PSoC5/LCD_Char_LCDPort.c **** *  None 
  45:.\Generated_Source\PSoC5/LCD_Char_LCDPort.c **** *
  46:.\Generated_Source\PSoC5/LCD_Char_LCDPort.c **** * \sideeffect
  47:.\Generated_Source\PSoC5/LCD_Char_LCDPort.c **** *  If you use read-modify-write operations that are not atomic; the Interrupt 
  48:.\Generated_Source\PSoC5/LCD_Char_LCDPort.c **** *  Service Routines (ISR) can cause corruption of this function. An ISR that 
  49:.\Generated_Source\PSoC5/LCD_Char_LCDPort.c **** *  interrupts this function and performs writes to the Pins component data 
  50:.\Generated_Source\PSoC5/LCD_Char_LCDPort.c **** *  register can cause corrupted port data. To avoid this issue, you should 
  51:.\Generated_Source\PSoC5/LCD_Char_LCDPort.c **** *  either use the Per-Pin APIs (primary method) or disable interrupts around 
  52:.\Generated_Source\PSoC5/LCD_Char_LCDPort.c **** *  this function.
  53:.\Generated_Source\PSoC5/LCD_Char_LCDPort.c **** *
  54:.\Generated_Source\PSoC5/LCD_Char_LCDPort.c **** * \funcusage
  55:.\Generated_Source\PSoC5/LCD_Char_LCDPort.c **** *  \snippet LCD_Char_LCDPort_SUT.c usage_LCD_Char_LCDPort_Write
  56:.\Generated_Source\PSoC5/LCD_Char_LCDPort.c **** *******************************************************************************/
  57:.\Generated_Source\PSoC5/LCD_Char_LCDPort.c **** void LCD_Char_LCDPort_Write(uint8 value)
  58:.\Generated_Source\PSoC5/LCD_Char_LCDPort.c **** {
  27              		.loc 1 58 0
  28              		.cfi_startproc
  29              		@ args = 0, pretend = 0, frame = 0
  30              		@ frame_needed = 0, uses_anonymous_args = 0
  31              		@ link register save eliminated.
  32              	.LVL0:
  59:.\Generated_Source\PSoC5/LCD_Char_LCDPort.c ****     uint8 staticBits = (LCD_Char_LCDPort_DR & (uint8)(~LCD_Char_LCDPort_MASK));
  33              		.loc 1 59 0
  34 0000 044A     		ldr	r2, .L2
  35 0002 1378     		ldrb	r3, [r2]	@ zero_extendqisi2
  36 0004 03F00103 		and	r3, r3, #1
  37              	.LVL1:
  60:.\Generated_Source\PSoC5/LCD_Char_LCDPort.c ****     LCD_Char_LCDPort_DR = staticBits | ((uint8)(value << LCD_Char_LCDPort_SHIFT) & LCD_Char_LCDPort
  38              		.loc 1 60 0
  39 0008 4000     		lsls	r0, r0, #1
  40              	.LVL2:
  41 000a C0B2     		uxtb	r0, r0
  42 000c 0343     		orrs	r3, r3, r0
  43              	.LVL3:
  44 000e 1370     		strb	r3, [r2]
  45 0010 7047     		bx	lr
  46              	.L3:
  47 0012 00BF     		.align	2
  48              	.L2:
  49 0014 00510040 		.word	1073762560
  50              		.cfi_endproc
  51              	.LFE0:
  52              		.size	LCD_Char_LCDPort_Write, .-LCD_Char_LCDPort_Write
  53              		.section	.text.LCD_Char_LCDPort_SetDriveMode,"ax",%progbits
  54              		.align	2
ARM GAS  C:\Users\RAGHUN~1\AppData\Local\Temp\ccHDrTLc.s 			page 3


  55              		.global	LCD_Char_LCDPort_SetDriveMode
  56              		.thumb
  57              		.thumb_func
  58              		.type	LCD_Char_LCDPort_SetDriveMode, %function
  59              	LCD_Char_LCDPort_SetDriveMode:
  60              	.LFB1:
  61:.\Generated_Source\PSoC5/LCD_Char_LCDPort.c **** }
  62:.\Generated_Source\PSoC5/LCD_Char_LCDPort.c **** 
  63:.\Generated_Source\PSoC5/LCD_Char_LCDPort.c **** 
  64:.\Generated_Source\PSoC5/LCD_Char_LCDPort.c **** /*******************************************************************************
  65:.\Generated_Source\PSoC5/LCD_Char_LCDPort.c **** * Function Name: LCD_Char_LCDPort_SetDriveMode
  66:.\Generated_Source\PSoC5/LCD_Char_LCDPort.c **** ****************************************************************************//**
  67:.\Generated_Source\PSoC5/LCD_Char_LCDPort.c **** *
  68:.\Generated_Source\PSoC5/LCD_Char_LCDPort.c **** * \brief Sets the drive mode for each of the Pins component's pins.
  69:.\Generated_Source\PSoC5/LCD_Char_LCDPort.c **** * 
  70:.\Generated_Source\PSoC5/LCD_Char_LCDPort.c **** * <b>Note</b> This affects all pins in the Pins component instance. Use the
  71:.\Generated_Source\PSoC5/LCD_Char_LCDPort.c **** * Per-Pin APIs if you wish to control individual pin's drive modes.
  72:.\Generated_Source\PSoC5/LCD_Char_LCDPort.c **** *
  73:.\Generated_Source\PSoC5/LCD_Char_LCDPort.c **** * \param mode
  74:.\Generated_Source\PSoC5/LCD_Char_LCDPort.c **** *  Mode for the selected signals. Valid options are documented in 
  75:.\Generated_Source\PSoC5/LCD_Char_LCDPort.c **** *  \ref driveMode.
  76:.\Generated_Source\PSoC5/LCD_Char_LCDPort.c **** *
  77:.\Generated_Source\PSoC5/LCD_Char_LCDPort.c **** * \return
  78:.\Generated_Source\PSoC5/LCD_Char_LCDPort.c **** *  None
  79:.\Generated_Source\PSoC5/LCD_Char_LCDPort.c **** *
  80:.\Generated_Source\PSoC5/LCD_Char_LCDPort.c **** * \sideeffect
  81:.\Generated_Source\PSoC5/LCD_Char_LCDPort.c **** *  If you use read-modify-write operations that are not atomic, the ISR can
  82:.\Generated_Source\PSoC5/LCD_Char_LCDPort.c **** *  cause corruption of this function. An ISR that interrupts this function 
  83:.\Generated_Source\PSoC5/LCD_Char_LCDPort.c **** *  and performs writes to the Pins component Drive Mode registers can cause 
  84:.\Generated_Source\PSoC5/LCD_Char_LCDPort.c **** *  corrupted port data. To avoid this issue, you should either use the Per-Pin
  85:.\Generated_Source\PSoC5/LCD_Char_LCDPort.c **** *  APIs (primary method) or disable interrupts around this function.
  86:.\Generated_Source\PSoC5/LCD_Char_LCDPort.c **** *
  87:.\Generated_Source\PSoC5/LCD_Char_LCDPort.c **** * \funcusage
  88:.\Generated_Source\PSoC5/LCD_Char_LCDPort.c **** *  \snippet LCD_Char_LCDPort_SUT.c usage_LCD_Char_LCDPort_SetDriveMode
  89:.\Generated_Source\PSoC5/LCD_Char_LCDPort.c **** *******************************************************************************/
  90:.\Generated_Source\PSoC5/LCD_Char_LCDPort.c **** void LCD_Char_LCDPort_SetDriveMode(uint8 mode)
  91:.\Generated_Source\PSoC5/LCD_Char_LCDPort.c **** {
  61              		.loc 1 91 0
  62              		.cfi_startproc
  63              		@ args = 0, pretend = 0, frame = 0
  64              		@ frame_needed = 0, uses_anonymous_args = 0
  65              		@ link register save eliminated.
  66              	.LVL4:
  92:.\Generated_Source\PSoC5/LCD_Char_LCDPort.c **** 	CyPins_SetPinDriveMode(LCD_Char_LCDPort_0, mode);
  67              		.loc 1 92 0
  68 0000 164A     		ldr	r2, .L5
  69 0002 1378     		ldrb	r3, [r2]	@ zero_extendqisi2
  70 0004 00F00E00 		and	r0, r0, #14
  71              	.LVL5:
  72 0008 03F0F103 		and	r3, r3, #241
  73 000c 0343     		orrs	r3, r3, r0
  74 000e 1370     		strb	r3, [r2]
  93:.\Generated_Source\PSoC5/LCD_Char_LCDPort.c **** 	CyPins_SetPinDriveMode(LCD_Char_LCDPort_1, mode);
  75              		.loc 1 93 0
  76 0010 0132     		adds	r2, r2, #1
  77 0012 1378     		ldrb	r3, [r2]	@ zero_extendqisi2
  78 0014 03F0F103 		and	r3, r3, #241
ARM GAS  C:\Users\RAGHUN~1\AppData\Local\Temp\ccHDrTLc.s 			page 4


  79 0018 0343     		orrs	r3, r3, r0
  80 001a 1370     		strb	r3, [r2]
  94:.\Generated_Source\PSoC5/LCD_Char_LCDPort.c **** 	CyPins_SetPinDriveMode(LCD_Char_LCDPort_2, mode);
  81              		.loc 1 94 0
  82 001c 0132     		adds	r2, r2, #1
  83 001e 1378     		ldrb	r3, [r2]	@ zero_extendqisi2
  84 0020 03F0F103 		and	r3, r3, #241
  85 0024 0343     		orrs	r3, r3, r0
  86 0026 1370     		strb	r3, [r2]
  95:.\Generated_Source\PSoC5/LCD_Char_LCDPort.c **** 	CyPins_SetPinDriveMode(LCD_Char_LCDPort_3, mode);
  87              		.loc 1 95 0
  88 0028 0132     		adds	r2, r2, #1
  89 002a 1378     		ldrb	r3, [r2]	@ zero_extendqisi2
  90 002c 03F0F103 		and	r3, r3, #241
  91 0030 0343     		orrs	r3, r3, r0
  92 0032 1370     		strb	r3, [r2]
  96:.\Generated_Source\PSoC5/LCD_Char_LCDPort.c **** 	CyPins_SetPinDriveMode(LCD_Char_LCDPort_4, mode);
  93              		.loc 1 96 0
  94 0034 0132     		adds	r2, r2, #1
  95 0036 1378     		ldrb	r3, [r2]	@ zero_extendqisi2
  96 0038 03F0F103 		and	r3, r3, #241
  97 003c 0343     		orrs	r3, r3, r0
  98 003e 1370     		strb	r3, [r2]
  97:.\Generated_Source\PSoC5/LCD_Char_LCDPort.c **** 	CyPins_SetPinDriveMode(LCD_Char_LCDPort_5, mode);
  99              		.loc 1 97 0
 100 0040 0132     		adds	r2, r2, #1
 101 0042 1378     		ldrb	r3, [r2]	@ zero_extendqisi2
 102 0044 03F0F103 		and	r3, r3, #241
 103 0048 0343     		orrs	r3, r3, r0
 104 004a 1370     		strb	r3, [r2]
  98:.\Generated_Source\PSoC5/LCD_Char_LCDPort.c **** 	CyPins_SetPinDriveMode(LCD_Char_LCDPort_6, mode);
 105              		.loc 1 98 0
 106 004c 0132     		adds	r2, r2, #1
 107 004e 1378     		ldrb	r3, [r2]	@ zero_extendqisi2
 108 0050 03F0F103 		and	r3, r3, #241
 109 0054 1843     		orrs	r0, r0, r3
 110 0056 1070     		strb	r0, [r2]
 111 0058 7047     		bx	lr
 112              	.L6:
 113 005a 00BF     		.align	2
 114              	.L5:
 115 005c 01500040 		.word	1073762305
 116              		.cfi_endproc
 117              	.LFE1:
 118              		.size	LCD_Char_LCDPort_SetDriveMode, .-LCD_Char_LCDPort_SetDriveMode
 119              		.section	.text.LCD_Char_LCDPort_Read,"ax",%progbits
 120              		.align	2
 121              		.global	LCD_Char_LCDPort_Read
 122              		.thumb
 123              		.thumb_func
 124              		.type	LCD_Char_LCDPort_Read, %function
 125              	LCD_Char_LCDPort_Read:
 126              	.LFB2:
  99:.\Generated_Source\PSoC5/LCD_Char_LCDPort.c **** }
 100:.\Generated_Source\PSoC5/LCD_Char_LCDPort.c **** 
 101:.\Generated_Source\PSoC5/LCD_Char_LCDPort.c **** 
 102:.\Generated_Source\PSoC5/LCD_Char_LCDPort.c **** /*******************************************************************************
ARM GAS  C:\Users\RAGHUN~1\AppData\Local\Temp\ccHDrTLc.s 			page 5


 103:.\Generated_Source\PSoC5/LCD_Char_LCDPort.c **** * Function Name: LCD_Char_LCDPort_Read
 104:.\Generated_Source\PSoC5/LCD_Char_LCDPort.c **** ****************************************************************************//**
 105:.\Generated_Source\PSoC5/LCD_Char_LCDPort.c **** *
 106:.\Generated_Source\PSoC5/LCD_Char_LCDPort.c **** * \brief Reads the associated physical port (pin status register) and masks 
 107:.\Generated_Source\PSoC5/LCD_Char_LCDPort.c **** *  the required bits according to the width and bit position of the component
 108:.\Generated_Source\PSoC5/LCD_Char_LCDPort.c **** *  instance. 
 109:.\Generated_Source\PSoC5/LCD_Char_LCDPort.c **** *
 110:.\Generated_Source\PSoC5/LCD_Char_LCDPort.c **** * The pin's status register returns the current logic level present on the 
 111:.\Generated_Source\PSoC5/LCD_Char_LCDPort.c **** * physical pin.
 112:.\Generated_Source\PSoC5/LCD_Char_LCDPort.c **** *
 113:.\Generated_Source\PSoC5/LCD_Char_LCDPort.c **** * \return 
 114:.\Generated_Source\PSoC5/LCD_Char_LCDPort.c **** *  The current value for the pins in the component as a right justified number.
 115:.\Generated_Source\PSoC5/LCD_Char_LCDPort.c **** *
 116:.\Generated_Source\PSoC5/LCD_Char_LCDPort.c **** * \funcusage
 117:.\Generated_Source\PSoC5/LCD_Char_LCDPort.c **** *  \snippet LCD_Char_LCDPort_SUT.c usage_LCD_Char_LCDPort_Read  
 118:.\Generated_Source\PSoC5/LCD_Char_LCDPort.c **** *******************************************************************************/
 119:.\Generated_Source\PSoC5/LCD_Char_LCDPort.c **** uint8 LCD_Char_LCDPort_Read(void)
 120:.\Generated_Source\PSoC5/LCD_Char_LCDPort.c **** {
 127              		.loc 1 120 0
 128              		.cfi_startproc
 129              		@ args = 0, pretend = 0, frame = 0
 130              		@ frame_needed = 0, uses_anonymous_args = 0
 131              		@ link register save eliminated.
 121:.\Generated_Source\PSoC5/LCD_Char_LCDPort.c ****     return (LCD_Char_LCDPort_PS & LCD_Char_LCDPort_MASK) >> LCD_Char_LCDPort_SHIFT;
 132              		.loc 1 121 0
 133 0000 014B     		ldr	r3, .L8
 134 0002 1878     		ldrb	r0, [r3]	@ zero_extendqisi2
 122:.\Generated_Source\PSoC5/LCD_Char_LCDPort.c **** }
 135              		.loc 1 122 0
 136 0004 4008     		lsrs	r0, r0, #1
 137 0006 7047     		bx	lr
 138              	.L9:
 139              		.align	2
 140              	.L8:
 141 0008 01510040 		.word	1073762561
 142              		.cfi_endproc
 143              	.LFE2:
 144              		.size	LCD_Char_LCDPort_Read, .-LCD_Char_LCDPort_Read
 145              		.section	.text.LCD_Char_LCDPort_ReadDataReg,"ax",%progbits
 146              		.align	2
 147              		.global	LCD_Char_LCDPort_ReadDataReg
 148              		.thumb
 149              		.thumb_func
 150              		.type	LCD_Char_LCDPort_ReadDataReg, %function
 151              	LCD_Char_LCDPort_ReadDataReg:
 152              	.LFB3:
 123:.\Generated_Source\PSoC5/LCD_Char_LCDPort.c **** 
 124:.\Generated_Source\PSoC5/LCD_Char_LCDPort.c **** 
 125:.\Generated_Source\PSoC5/LCD_Char_LCDPort.c **** /*******************************************************************************
 126:.\Generated_Source\PSoC5/LCD_Char_LCDPort.c **** * Function Name: LCD_Char_LCDPort_ReadDataReg
 127:.\Generated_Source\PSoC5/LCD_Char_LCDPort.c **** ****************************************************************************//**
 128:.\Generated_Source\PSoC5/LCD_Char_LCDPort.c **** *
 129:.\Generated_Source\PSoC5/LCD_Char_LCDPort.c **** * \brief Reads the associated physical port's data output register and masks 
 130:.\Generated_Source\PSoC5/LCD_Char_LCDPort.c **** *  the correct bits according to the width and bit position of the component 
 131:.\Generated_Source\PSoC5/LCD_Char_LCDPort.c **** *  instance. 
 132:.\Generated_Source\PSoC5/LCD_Char_LCDPort.c **** *
 133:.\Generated_Source\PSoC5/LCD_Char_LCDPort.c **** * The data output register controls the signal applied to the physical pin in 
ARM GAS  C:\Users\RAGHUN~1\AppData\Local\Temp\ccHDrTLc.s 			page 6


 134:.\Generated_Source\PSoC5/LCD_Char_LCDPort.c **** * conjunction with the drive mode parameter. This is not the same as the 
 135:.\Generated_Source\PSoC5/LCD_Char_LCDPort.c **** * preferred LCD_Char_LCDPort_Read() API because the 
 136:.\Generated_Source\PSoC5/LCD_Char_LCDPort.c **** * LCD_Char_LCDPort_ReadDataReg() reads the data register instead of the status 
 137:.\Generated_Source\PSoC5/LCD_Char_LCDPort.c **** * register. For output pins this is a useful function to determine the value 
 138:.\Generated_Source\PSoC5/LCD_Char_LCDPort.c **** * just written to the pin.
 139:.\Generated_Source\PSoC5/LCD_Char_LCDPort.c **** *
 140:.\Generated_Source\PSoC5/LCD_Char_LCDPort.c **** * \return 
 141:.\Generated_Source\PSoC5/LCD_Char_LCDPort.c **** *  The current value of the data register masked and shifted into a right 
 142:.\Generated_Source\PSoC5/LCD_Char_LCDPort.c **** *  justified number for the component instance.
 143:.\Generated_Source\PSoC5/LCD_Char_LCDPort.c **** *
 144:.\Generated_Source\PSoC5/LCD_Char_LCDPort.c **** * \funcusage
 145:.\Generated_Source\PSoC5/LCD_Char_LCDPort.c **** *  \snippet LCD_Char_LCDPort_SUT.c usage_LCD_Char_LCDPort_ReadDataReg 
 146:.\Generated_Source\PSoC5/LCD_Char_LCDPort.c **** *******************************************************************************/
 147:.\Generated_Source\PSoC5/LCD_Char_LCDPort.c **** uint8 LCD_Char_LCDPort_ReadDataReg(void)
 148:.\Generated_Source\PSoC5/LCD_Char_LCDPort.c **** {
 153              		.loc 1 148 0
 154              		.cfi_startproc
 155              		@ args = 0, pretend = 0, frame = 0
 156              		@ frame_needed = 0, uses_anonymous_args = 0
 157              		@ link register save eliminated.
 149:.\Generated_Source\PSoC5/LCD_Char_LCDPort.c ****     return (LCD_Char_LCDPort_DR & LCD_Char_LCDPort_MASK) >> LCD_Char_LCDPort_SHIFT;
 158              		.loc 1 149 0
 159 0000 014B     		ldr	r3, .L11
 160 0002 1878     		ldrb	r0, [r3]	@ zero_extendqisi2
 150:.\Generated_Source\PSoC5/LCD_Char_LCDPort.c **** }
 161              		.loc 1 150 0
 162 0004 4008     		lsrs	r0, r0, #1
 163 0006 7047     		bx	lr
 164              	.L12:
 165              		.align	2
 166              	.L11:
 167 0008 00510040 		.word	1073762560
 168              		.cfi_endproc
 169              	.LFE3:
 170              		.size	LCD_Char_LCDPort_ReadDataReg, .-LCD_Char_LCDPort_ReadDataReg
 171              		.text
 172              	.Letext0:
 173              		.file 2 ".\\Generated_Source\\PSoC5\\cytypes.h"
 174              		.section	.debug_info,"",%progbits
 175              	.Ldebug_info0:
 176 0000 1D010000 		.4byte	0x11d
 177 0004 0400     		.2byte	0x4
 178 0006 00000000 		.4byte	.Ldebug_abbrev0
 179 000a 04       		.byte	0x4
 180 000b 01       		.uleb128 0x1
 181 000c 17010000 		.4byte	.LASF20
 182 0010 01       		.byte	0x1
 183 0011 A1000000 		.4byte	.LASF21
 184 0015 CD000000 		.4byte	.LASF22
 185 0019 00000000 		.4byte	.Ldebug_ranges0+0
 186 001d 00000000 		.4byte	0
 187 0021 00000000 		.4byte	.Ldebug_line0
 188 0025 02       		.uleb128 0x2
 189 0026 01       		.byte	0x1
 190 0027 06       		.byte	0x6
 191 0028 17020000 		.4byte	.LASF0
 192 002c 02       		.uleb128 0x2
ARM GAS  C:\Users\RAGHUN~1\AppData\Local\Temp\ccHDrTLc.s 			page 7


 193 002d 01       		.byte	0x1
 194 002e 08       		.byte	0x8
 195 002f 2E000000 		.4byte	.LASF1
 196 0033 02       		.uleb128 0x2
 197 0034 02       		.byte	0x2
 198 0035 05       		.byte	0x5
 199 0036 E1010000 		.4byte	.LASF2
 200 003a 02       		.uleb128 0x2
 201 003b 02       		.byte	0x2
 202 003c 07       		.byte	0x7
 203 003d 53000000 		.4byte	.LASF3
 204 0041 02       		.uleb128 0x2
 205 0042 04       		.byte	0x4
 206 0043 05       		.byte	0x5
 207 0044 F1010000 		.4byte	.LASF4
 208 0048 02       		.uleb128 0x2
 209 0049 04       		.byte	0x4
 210 004a 07       		.byte	0x7
 211 004b 41000000 		.4byte	.LASF5
 212 004f 02       		.uleb128 0x2
 213 0050 08       		.byte	0x8
 214 0051 05       		.byte	0x5
 215 0052 CE010000 		.4byte	.LASF6
 216 0056 02       		.uleb128 0x2
 217 0057 08       		.byte	0x8
 218 0058 07       		.byte	0x7
 219 0059 B2010000 		.4byte	.LASF7
 220 005d 03       		.uleb128 0x3
 221 005e 04       		.byte	0x4
 222 005f 05       		.byte	0x5
 223 0060 696E7400 		.ascii	"int\000"
 224 0064 02       		.uleb128 0x2
 225 0065 04       		.byte	0x4
 226 0066 07       		.byte	0x7
 227 0067 A5010000 		.4byte	.LASF8
 228 006b 04       		.uleb128 0x4
 229 006c EB010000 		.4byte	.LASF12
 230 0070 02       		.byte	0x2
 231 0071 3801     		.2byte	0x138
 232 0073 2C000000 		.4byte	0x2c
 233 0077 02       		.uleb128 0x2
 234 0078 04       		.byte	0x4
 235 0079 04       		.byte	0x4
 236 007a 28000000 		.4byte	.LASF9
 237 007e 02       		.uleb128 0x2
 238 007f 08       		.byte	0x8
 239 0080 04       		.byte	0x4
 240 0081 9A000000 		.4byte	.LASF10
 241 0085 02       		.uleb128 0x2
 242 0086 01       		.byte	0x1
 243 0087 08       		.byte	0x8
 244 0088 DC010000 		.4byte	.LASF11
 245 008c 04       		.uleb128 0x4
 246 008d 3C000000 		.4byte	.LASF13
 247 0091 02       		.byte	0x2
 248 0092 E201     		.2byte	0x1e2
 249 0094 98000000 		.4byte	0x98
ARM GAS  C:\Users\RAGHUN~1\AppData\Local\Temp\ccHDrTLc.s 			page 8


 250 0098 05       		.uleb128 0x5
 251 0099 6B000000 		.4byte	0x6b
 252 009d 06       		.uleb128 0x6
 253 009e 00000000 		.4byte	.LASF14
 254 00a2 01       		.byte	0x1
 255 00a3 39       		.byte	0x39
 256 00a4 00000000 		.4byte	.LFB0
 257 00a8 18000000 		.4byte	.LFE0-.LFB0
 258 00ac 01       		.uleb128 0x1
 259 00ad 9C       		.byte	0x9c
 260 00ae D1000000 		.4byte	0xd1
 261 00b2 07       		.uleb128 0x7
 262 00b3 17000000 		.4byte	.LASF16
 263 00b7 01       		.byte	0x1
 264 00b8 39       		.byte	0x39
 265 00b9 6B000000 		.4byte	0x6b
 266 00bd 00000000 		.4byte	.LLST0
 267 00c1 08       		.uleb128 0x8
 268 00c2 1D000000 		.4byte	.LASF23
 269 00c6 01       		.byte	0x1
 270 00c7 3B       		.byte	0x3b
 271 00c8 6B000000 		.4byte	0x6b
 272 00cc 21000000 		.4byte	.LLST1
 273 00d0 00       		.byte	0
 274 00d1 06       		.uleb128 0x6
 275 00d2 7C000000 		.4byte	.LASF15
 276 00d6 01       		.byte	0x1
 277 00d7 5A       		.byte	0x5a
 278 00d8 00000000 		.4byte	.LFB1
 279 00dc 60000000 		.4byte	.LFE1-.LFB1
 280 00e0 01       		.uleb128 0x1
 281 00e1 9C       		.byte	0x9c
 282 00e2 F6000000 		.4byte	0xf6
 283 00e6 07       		.uleb128 0x7
 284 00e7 C9010000 		.4byte	.LASF17
 285 00eb 01       		.byte	0x1
 286 00ec 5A       		.byte	0x5a
 287 00ed 6B000000 		.4byte	0x6b
 288 00f1 34000000 		.4byte	.LLST2
 289 00f5 00       		.byte	0
 290 00f6 09       		.uleb128 0x9
 291 00f7 66000000 		.4byte	.LASF18
 292 00fb 01       		.byte	0x1
 293 00fc 77       		.byte	0x77
 294 00fd 6B000000 		.4byte	0x6b
 295 0101 00000000 		.4byte	.LFB2
 296 0105 0C000000 		.4byte	.LFE2-.LFB2
 297 0109 01       		.uleb128 0x1
 298 010a 9C       		.byte	0x9c
 299 010b 09       		.uleb128 0x9
 300 010c FA010000 		.4byte	.LASF19
 301 0110 01       		.byte	0x1
 302 0111 93       		.byte	0x93
 303 0112 6B000000 		.4byte	0x6b
 304 0116 00000000 		.4byte	.LFB3
 305 011a 0C000000 		.4byte	.LFE3-.LFB3
 306 011e 01       		.uleb128 0x1
ARM GAS  C:\Users\RAGHUN~1\AppData\Local\Temp\ccHDrTLc.s 			page 9


 307 011f 9C       		.byte	0x9c
 308 0120 00       		.byte	0
 309              		.section	.debug_abbrev,"",%progbits
 310              	.Ldebug_abbrev0:
 311 0000 01       		.uleb128 0x1
 312 0001 11       		.uleb128 0x11
 313 0002 01       		.byte	0x1
 314 0003 25       		.uleb128 0x25
 315 0004 0E       		.uleb128 0xe
 316 0005 13       		.uleb128 0x13
 317 0006 0B       		.uleb128 0xb
 318 0007 03       		.uleb128 0x3
 319 0008 0E       		.uleb128 0xe
 320 0009 1B       		.uleb128 0x1b
 321 000a 0E       		.uleb128 0xe
 322 000b 55       		.uleb128 0x55
 323 000c 17       		.uleb128 0x17
 324 000d 11       		.uleb128 0x11
 325 000e 01       		.uleb128 0x1
 326 000f 10       		.uleb128 0x10
 327 0010 17       		.uleb128 0x17
 328 0011 00       		.byte	0
 329 0012 00       		.byte	0
 330 0013 02       		.uleb128 0x2
 331 0014 24       		.uleb128 0x24
 332 0015 00       		.byte	0
 333 0016 0B       		.uleb128 0xb
 334 0017 0B       		.uleb128 0xb
 335 0018 3E       		.uleb128 0x3e
 336 0019 0B       		.uleb128 0xb
 337 001a 03       		.uleb128 0x3
 338 001b 0E       		.uleb128 0xe
 339 001c 00       		.byte	0
 340 001d 00       		.byte	0
 341 001e 03       		.uleb128 0x3
 342 001f 24       		.uleb128 0x24
 343 0020 00       		.byte	0
 344 0021 0B       		.uleb128 0xb
 345 0022 0B       		.uleb128 0xb
 346 0023 3E       		.uleb128 0x3e
 347 0024 0B       		.uleb128 0xb
 348 0025 03       		.uleb128 0x3
 349 0026 08       		.uleb128 0x8
 350 0027 00       		.byte	0
 351 0028 00       		.byte	0
 352 0029 04       		.uleb128 0x4
 353 002a 16       		.uleb128 0x16
 354 002b 00       		.byte	0
 355 002c 03       		.uleb128 0x3
 356 002d 0E       		.uleb128 0xe
 357 002e 3A       		.uleb128 0x3a
 358 002f 0B       		.uleb128 0xb
 359 0030 3B       		.uleb128 0x3b
 360 0031 05       		.uleb128 0x5
 361 0032 49       		.uleb128 0x49
 362 0033 13       		.uleb128 0x13
 363 0034 00       		.byte	0
ARM GAS  C:\Users\RAGHUN~1\AppData\Local\Temp\ccHDrTLc.s 			page 10


 364 0035 00       		.byte	0
 365 0036 05       		.uleb128 0x5
 366 0037 35       		.uleb128 0x35
 367 0038 00       		.byte	0
 368 0039 49       		.uleb128 0x49
 369 003a 13       		.uleb128 0x13
 370 003b 00       		.byte	0
 371 003c 00       		.byte	0
 372 003d 06       		.uleb128 0x6
 373 003e 2E       		.uleb128 0x2e
 374 003f 01       		.byte	0x1
 375 0040 3F       		.uleb128 0x3f
 376 0041 19       		.uleb128 0x19
 377 0042 03       		.uleb128 0x3
 378 0043 0E       		.uleb128 0xe
 379 0044 3A       		.uleb128 0x3a
 380 0045 0B       		.uleb128 0xb
 381 0046 3B       		.uleb128 0x3b
 382 0047 0B       		.uleb128 0xb
 383 0048 27       		.uleb128 0x27
 384 0049 19       		.uleb128 0x19
 385 004a 11       		.uleb128 0x11
 386 004b 01       		.uleb128 0x1
 387 004c 12       		.uleb128 0x12
 388 004d 06       		.uleb128 0x6
 389 004e 40       		.uleb128 0x40
 390 004f 18       		.uleb128 0x18
 391 0050 9742     		.uleb128 0x2117
 392 0052 19       		.uleb128 0x19
 393 0053 01       		.uleb128 0x1
 394 0054 13       		.uleb128 0x13
 395 0055 00       		.byte	0
 396 0056 00       		.byte	0
 397 0057 07       		.uleb128 0x7
 398 0058 05       		.uleb128 0x5
 399 0059 00       		.byte	0
 400 005a 03       		.uleb128 0x3
 401 005b 0E       		.uleb128 0xe
 402 005c 3A       		.uleb128 0x3a
 403 005d 0B       		.uleb128 0xb
 404 005e 3B       		.uleb128 0x3b
 405 005f 0B       		.uleb128 0xb
 406 0060 49       		.uleb128 0x49
 407 0061 13       		.uleb128 0x13
 408 0062 02       		.uleb128 0x2
 409 0063 17       		.uleb128 0x17
 410 0064 00       		.byte	0
 411 0065 00       		.byte	0
 412 0066 08       		.uleb128 0x8
 413 0067 34       		.uleb128 0x34
 414 0068 00       		.byte	0
 415 0069 03       		.uleb128 0x3
 416 006a 0E       		.uleb128 0xe
 417 006b 3A       		.uleb128 0x3a
 418 006c 0B       		.uleb128 0xb
 419 006d 3B       		.uleb128 0x3b
 420 006e 0B       		.uleb128 0xb
ARM GAS  C:\Users\RAGHUN~1\AppData\Local\Temp\ccHDrTLc.s 			page 11


 421 006f 49       		.uleb128 0x49
 422 0070 13       		.uleb128 0x13
 423 0071 02       		.uleb128 0x2
 424 0072 17       		.uleb128 0x17
 425 0073 00       		.byte	0
 426 0074 00       		.byte	0
 427 0075 09       		.uleb128 0x9
 428 0076 2E       		.uleb128 0x2e
 429 0077 00       		.byte	0
 430 0078 3F       		.uleb128 0x3f
 431 0079 19       		.uleb128 0x19
 432 007a 03       		.uleb128 0x3
 433 007b 0E       		.uleb128 0xe
 434 007c 3A       		.uleb128 0x3a
 435 007d 0B       		.uleb128 0xb
 436 007e 3B       		.uleb128 0x3b
 437 007f 0B       		.uleb128 0xb
 438 0080 27       		.uleb128 0x27
 439 0081 19       		.uleb128 0x19
 440 0082 49       		.uleb128 0x49
 441 0083 13       		.uleb128 0x13
 442 0084 11       		.uleb128 0x11
 443 0085 01       		.uleb128 0x1
 444 0086 12       		.uleb128 0x12
 445 0087 06       		.uleb128 0x6
 446 0088 40       		.uleb128 0x40
 447 0089 18       		.uleb128 0x18
 448 008a 9742     		.uleb128 0x2117
 449 008c 19       		.uleb128 0x19
 450 008d 00       		.byte	0
 451 008e 00       		.byte	0
 452 008f 00       		.byte	0
 453              		.section	.debug_loc,"",%progbits
 454              	.Ldebug_loc0:
 455              	.LLST0:
 456 0000 00000000 		.4byte	.LVL0
 457 0004 0A000000 		.4byte	.LVL2
 458 0008 0100     		.2byte	0x1
 459 000a 50       		.byte	0x50
 460 000b 0A000000 		.4byte	.LVL2
 461 000f 18000000 		.4byte	.LFE0
 462 0013 0400     		.2byte	0x4
 463 0015 F3       		.byte	0xf3
 464 0016 01       		.uleb128 0x1
 465 0017 50       		.byte	0x50
 466 0018 9F       		.byte	0x9f
 467 0019 00000000 		.4byte	0
 468 001d 00000000 		.4byte	0
 469              	.LLST1:
 470 0021 08000000 		.4byte	.LVL1
 471 0025 0E000000 		.4byte	.LVL3
 472 0029 0100     		.2byte	0x1
 473 002b 53       		.byte	0x53
 474 002c 00000000 		.4byte	0
 475 0030 00000000 		.4byte	0
 476              	.LLST2:
 477 0034 00000000 		.4byte	.LVL4
ARM GAS  C:\Users\RAGHUN~1\AppData\Local\Temp\ccHDrTLc.s 			page 12


 478 0038 08000000 		.4byte	.LVL5
 479 003c 0100     		.2byte	0x1
 480 003e 50       		.byte	0x50
 481 003f 08000000 		.4byte	.LVL5
 482 0043 60000000 		.4byte	.LFE1
 483 0047 0400     		.2byte	0x4
 484 0049 F3       		.byte	0xf3
 485 004a 01       		.uleb128 0x1
 486 004b 50       		.byte	0x50
 487 004c 9F       		.byte	0x9f
 488 004d 00000000 		.4byte	0
 489 0051 00000000 		.4byte	0
 490              		.section	.debug_aranges,"",%progbits
 491 0000 34000000 		.4byte	0x34
 492 0004 0200     		.2byte	0x2
 493 0006 00000000 		.4byte	.Ldebug_info0
 494 000a 04       		.byte	0x4
 495 000b 00       		.byte	0
 496 000c 0000     		.2byte	0
 497 000e 0000     		.2byte	0
 498 0010 00000000 		.4byte	.LFB0
 499 0014 18000000 		.4byte	.LFE0-.LFB0
 500 0018 00000000 		.4byte	.LFB1
 501 001c 60000000 		.4byte	.LFE1-.LFB1
 502 0020 00000000 		.4byte	.LFB2
 503 0024 0C000000 		.4byte	.LFE2-.LFB2
 504 0028 00000000 		.4byte	.LFB3
 505 002c 0C000000 		.4byte	.LFE3-.LFB3
 506 0030 00000000 		.4byte	0
 507 0034 00000000 		.4byte	0
 508              		.section	.debug_ranges,"",%progbits
 509              	.Ldebug_ranges0:
 510 0000 00000000 		.4byte	.LFB0
 511 0004 18000000 		.4byte	.LFE0
 512 0008 00000000 		.4byte	.LFB1
 513 000c 60000000 		.4byte	.LFE1
 514 0010 00000000 		.4byte	.LFB2
 515 0014 0C000000 		.4byte	.LFE2
 516 0018 00000000 		.4byte	.LFB3
 517 001c 0C000000 		.4byte	.LFE3
 518 0020 00000000 		.4byte	0
 519 0024 00000000 		.4byte	0
 520              		.section	.debug_line,"",%progbits
 521              	.Ldebug_line0:
 522 0000 A1000000 		.section	.debug_str,"MS",%progbits,1
 522      02004F00 
 522      00000201 
 522      FB0E0D00 
 522      01010101 
 523              	.LASF14:
 524 0000 4C43445F 		.ascii	"LCD_Char_LCDPort_Write\000"
 524      43686172 
 524      5F4C4344 
 524      506F7274 
 524      5F577269 
 525              	.LASF16:
 526 0017 76616C75 		.ascii	"value\000"
ARM GAS  C:\Users\RAGHUN~1\AppData\Local\Temp\ccHDrTLc.s 			page 13


 526      6500
 527              	.LASF23:
 528 001d 73746174 		.ascii	"staticBits\000"
 528      69634269 
 528      747300
 529              	.LASF9:
 530 0028 666C6F61 		.ascii	"float\000"
 530      7400
 531              	.LASF1:
 532 002e 756E7369 		.ascii	"unsigned char\000"
 532      676E6564 
 532      20636861 
 532      7200
 533              	.LASF13:
 534 003c 72656738 		.ascii	"reg8\000"
 534      00
 535              	.LASF5:
 536 0041 6C6F6E67 		.ascii	"long unsigned int\000"
 536      20756E73 
 536      69676E65 
 536      6420696E 
 536      7400
 537              	.LASF3:
 538 0053 73686F72 		.ascii	"short unsigned int\000"
 538      7420756E 
 538      7369676E 
 538      65642069 
 538      6E7400
 539              	.LASF18:
 540 0066 4C43445F 		.ascii	"LCD_Char_LCDPort_Read\000"
 540      43686172 
 540      5F4C4344 
 540      506F7274 
 540      5F526561 
 541              	.LASF15:
 542 007c 4C43445F 		.ascii	"LCD_Char_LCDPort_SetDriveMode\000"
 542      43686172 
 542      5F4C4344 
 542      506F7274 
 542      5F536574 
 543              	.LASF10:
 544 009a 646F7562 		.ascii	"double\000"
 544      6C6500
 545              	.LASF21:
 546 00a1 2E5C4765 		.ascii	".\\Generated_Source\\PSoC5\\LCD_Char_LCDPort.c\000"
 546      6E657261 
 546      7465645F 
 546      536F7572 
 546      63655C50 
 547              	.LASF22:
 548 00cd 433A5C55 		.ascii	"C:\\Users\\raghunath\\Documents\\PSoC Creator\\Fina"
 548      73657273 
 548      5C726167 
 548      68756E61 
 548      74685C44 
 549 00fb 6C70726F 		.ascii	"lproject\\IMU-sparkfun.cydsn\000"
 549      6A656374 
ARM GAS  C:\Users\RAGHUN~1\AppData\Local\Temp\ccHDrTLc.s 			page 14


 549      5C494D55 
 549      2D737061 
 549      726B6675 
 550              	.LASF20:
 551 0117 474E5520 		.ascii	"GNU C 4.9.3 20150303 (release) [ARM/embedded-4_9-br"
 551      4320342E 
 551      392E3320 
 551      32303135 
 551      30333033 
 552 014a 616E6368 		.ascii	"anch revision 221220] -mcpu=cortex-m3 -mthumb -g -O"
 552      20726576 
 552      6973696F 
 552      6E203232 
 552      31323230 
 553 017d 67202D66 		.ascii	"g -ffunction-sections -ffat-lto-objects\000"
 553      66756E63 
 553      74696F6E 
 553      2D736563 
 553      74696F6E 
 554              	.LASF8:
 555 01a5 756E7369 		.ascii	"unsigned int\000"
 555      676E6564 
 555      20696E74 
 555      00
 556              	.LASF7:
 557 01b2 6C6F6E67 		.ascii	"long long unsigned int\000"
 557      206C6F6E 
 557      6720756E 
 557      7369676E 
 557      65642069 
 558              	.LASF17:
 559 01c9 6D6F6465 		.ascii	"mode\000"
 559      00
 560              	.LASF6:
 561 01ce 6C6F6E67 		.ascii	"long long int\000"
 561      206C6F6E 
 561      6720696E 
 561      7400
 562              	.LASF11:
 563 01dc 63686172 		.ascii	"char\000"
 563      00
 564              	.LASF2:
 565 01e1 73686F72 		.ascii	"short int\000"
 565      7420696E 
 565      7400
 566              	.LASF12:
 567 01eb 75696E74 		.ascii	"uint8\000"
 567      3800
 568              	.LASF4:
 569 01f1 6C6F6E67 		.ascii	"long int\000"
 569      20696E74 
 569      00
 570              	.LASF19:
 571 01fa 4C43445F 		.ascii	"LCD_Char_LCDPort_ReadDataReg\000"
 571      43686172 
 571      5F4C4344 
 571      506F7274 
ARM GAS  C:\Users\RAGHUN~1\AppData\Local\Temp\ccHDrTLc.s 			page 15


 571      5F526561 
 572              	.LASF0:
 573 0217 7369676E 		.ascii	"signed char\000"
 573      65642063 
 573      68617200 
 574              		.ident	"GCC: (GNU Tools for ARM Embedded Processors) 4.9.3 20150303 (release) [ARM/embedded-4_9-br
